{"C:\\Users\\Bruker\\lanalibre\\components\\ConfirmationModal.js": {"path":"C:\\Users\\Bruker\\lanalibre\\components\\ConfirmationModal.js","statementMap":{"0":{"start":{"line":18,"column":28},"end":{"line":18,"column":38}},"1":{"start":{"line":19,"column":17},"end":{"line":19,"column":60}},"2":{"start":{"line":19,"column":31},"end":{"line":19,"column":49}},"3":{"start":{"line":20,"column":2},"end":{"line":39,"column":4}},"4":{"start":{"line":42,"column":30},"end":{"line":98,"column":3}}},"fnMap":{"0":{"name":"ConfirmationModal","decl":{"start":{"line":8,"column":24},"end":{"line":8,"column":41}},"loc":{"start":{"line":17,"column":3},"end":{"line":40,"column":1}},"line":17},"1":{"name":"(anonymous_1)","decl":{"start":{"line":19,"column":25},"end":{"line":19,"column":26}},"loc":{"start":{"line":19,"column":31},"end":{"line":19,"column":49}},"line":19},"2":{"name":"makeStyles","decl":{"start":{"line":42,"column":9},"end":{"line":42,"column":19}},"loc":{"start":{"line":42,"column":28},"end":{"line":98,"column":5}},"line":42}},"branchMap":{"0":{"loc":{"start":{"line":16,"column":2},"end":{"line":16,"column":21}},"type":"default-arg","locations":[{"start":{"line":16,"column":16},"end":{"line":16,"column":21}}],"line":16},"1":{"loc":{"start":{"line":25,"column":11},"end":{"line":25,"column":69}},"type":"binary-expr","locations":[{"start":{"line":25,"column":11},"end":{"line":25,"column":20}},{"start":{"line":25,"column":24},"end":{"line":25,"column":69}}],"line":25},"2":{"loc":{"start":{"line":27,"column":39},"end":{"line":27,"column":82}},"type":"binary-expr","locations":[{"start":{"line":27,"column":39},"end":{"line":27,"column":50}},{"start":{"line":27,"column":54},"end":{"line":27,"column":82}}],"line":27}},"s":{"0":127,"1":127,"2":38,"3":127,"4":38},"f":{"0":127,"1":38,"2":38},"b":{"0":[58],"1":[127,94],"2":[127,58]},"_coverageSchema":"1a1c01bbd47fc00a2c39e90264f33305004495a9","hash":"5620edd9d0bf2b9e17508b1dfc2b91a7e6d3d78e"}
,"C:\\Users\\Bruker\\lanalibre\\components\\DocViewerModal.js": {"path":"C:\\Users\\Bruker\\lanalibre\\components\\DocViewerModal.js","statementMap":{"0":{"start":{"line":10,"column":2},"end":{"line":22,"column":5}},"1":{"start":{"line":11,"column":4},"end":{"line":11,"column":43}},"2":{"start":{"line":11,"column":31},"end":{"line":11,"column":43}},"3":{"start":{"line":12,"column":4},"end":{"line":14,"column":5}},"4":{"start":{"line":13,"column":6},"end":{"line":13,"column":68}},"5":{"start":{"line":15,"column":4},"end":{"line":17,"column":5}},"6":{"start":{"line":16,"column":6},"end":{"line":16,"column":68}},"7":{"start":{"line":18,"column":4},"end":{"line":20,"column":5}},"8":{"start":{"line":19,"column":6},"end":{"line":19,"column":52}},"9":{"start":{"line":21,"column":4},"end":{"line":21,"column":59}},"10":{"start":{"line":26,"column":28},"end":{"line":26,"column":38}},"11":{"start":{"line":27,"column":17},"end":{"line":27,"column":60}},"12":{"start":{"line":27,"column":31},"end":{"line":27,"column":49}},"13":{"start":{"line":29,"column":2},"end":{"line":52,"column":4}},"14":{"start":{"line":55,"column":30},"end":{"line":110,"column":3}}},"fnMap":{"0":{"name":"renderContent","decl":{"start":{"line":9,"column":9},"end":{"line":9,"column":22}},"loc":{"start":{"line":9,"column":40},"end":{"line":23,"column":1}},"line":9},"1":{"name":"(anonymous_1)","decl":{"start":{"line":10,"column":33},"end":{"line":10,"column":34}},"loc":{"start":{"line":10,"column":46},"end":{"line":22,"column":3}},"line":10},"2":{"name":"DocViewerModal","decl":{"start":{"line":25,"column":24},"end":{"line":25,"column":38}},"loc":{"start":{"line":25,"column":77},"end":{"line":53,"column":1}},"line":25},"3":{"name":"(anonymous_3)","decl":{"start":{"line":27,"column":25},"end":{"line":27,"column":26}},"loc":{"start":{"line":27,"column":31},"end":{"line":27,"column":49}},"line":27},"4":{"name":"makeStyles","decl":{"start":{"line":55,"column":9},"end":{"line":55,"column":19}},"loc":{"start":{"line":55,"column":28},"end":{"line":110,"column":5}},"line":55}},"branchMap":{"0":{"loc":{"start":{"line":11,"column":4},"end":{"line":11,"column":43}},"type":"if","locations":[{"start":{"line":11,"column":4},"end":{"line":11,"column":43}},{"start":{},"end":{}}],"line":11},"1":{"loc":{"start":{"line":12,"column":4},"end":{"line":14,"column":5}},"type":"if","locations":[{"start":{"line":12,"column":4},"end":{"line":14,"column":5}},{"start":{},"end":{}}],"line":12},"2":{"loc":{"start":{"line":15,"column":4},"end":{"line":17,"column":5}},"type":"if","locations":[{"start":{"line":15,"column":4},"end":{"line":17,"column":5}},{"start":{},"end":{}}],"line":15},"3":{"loc":{"start":{"line":18,"column":4},"end":{"line":20,"column":5}},"type":"if","locations":[{"start":{"line":18,"column":4},"end":{"line":20,"column":5}},{"start":{},"end":{}}],"line":18},"4":{"loc":{"start":{"line":48,"column":11},"end":{"line":48,"column":54}},"type":"binary-expr","locations":[{"start":{"line":48,"column":11},"end":{"line":48,"column":20}},{"start":{"line":48,"column":24},"end":{"line":48,"column":54}}],"line":48}},"s":{"0":50,"1":1900,"2":50,"3":1850,"4":0,"5":1850,"6":0,"7":1850,"8":50,"9":1800,"10":50,"11":50,"12":18,"13":50,"14":18},"f":{"0":50,"1":1900,"2":50,"3":18,"4":18},"b":{"0":[50,1850],"1":[0,1850],"2":[0,1850],"3":[50,1800],"4":[50,50]},"_coverageSchema":"1a1c01bbd47fc00a2c39e90264f33305004495a9","hash":"437caabc37d37679b394f92b2c943390bae3966c"}
,"C:\\Users\\Bruker\\lanalibre\\components\\LazyImage.js": {"path":"C:\\Users\\Bruker\\lanalibre\\components\\LazyImage.js","statementMap":{"0":{"start":{"line":6,"column":30},"end":{"line":6,"column":45}},"1":{"start":{"line":7,"column":2},"end":{"line":21,"column":4}},"2":{"start":{"line":18,"column":22},"end":{"line":18,"column":37}}},"fnMap":{"0":{"name":"LazyImage","decl":{"start":{"line":5,"column":24},"end":{"line":5,"column":33}},"loc":{"start":{"line":5,"column":55},"end":{"line":22,"column":1}},"line":5},"1":{"name":"(anonymous_1)","decl":{"start":{"line":18,"column":16},"end":{"line":18,"column":17}},"loc":{"start":{"line":18,"column":22},"end":{"line":18,"column":37}},"line":18}},"branchMap":{"0":{"loc":{"start":{"line":9,"column":7},"end":{"line":14,"column":7}},"type":"binary-expr","locations":[{"start":{"line":9,"column":7},"end":{"line":9,"column":14}},{"start":{"line":10,"column":8},"end":{"line":13,"column":10}}],"line":9},"1":{"loc":{"start":{"line":17,"column":41},"end":{"line":17,"column":66}},"type":"binary-expr","locations":[{"start":{"line":17,"column":41},"end":{"line":17,"column":48}},{"start":{"line":17,"column":52},"end":{"line":17,"column":66}}],"line":17}},"s":{"0":3,"1":3,"2":0},"f":{"0":3,"1":0},"b":{"0":[3,3],"1":[3,3]},"_coverageSchema":"1a1c01bbd47fc00a2c39e90264f33305004495a9","hash":"191af8fe3cc4c882e2a007bd7a71524065d4e274"}
,"C:\\Users\\Bruker\\lanalibre\\components\\LoadingOverlay.js": {"path":"C:\\Users\\Bruker\\lanalibre\\components\\LoadingOverlay.js","statementMap":{"0":{"start":{"line":6,"column":28},"end":{"line":6,"column":38}},"1":{"start":{"line":7,"column":2},"end":{"line":13,"column":4}},"2":{"start":{"line":16,"column":15},"end":{"line":23,"column":2}}},"fnMap":{"0":{"name":"LoadingOverlay","decl":{"start":{"line":5,"column":24},"end":{"line":5,"column":38}},"loc":{"start":{"line":5,"column":52},"end":{"line":14,"column":1}},"line":5}},"branchMap":{},"s":{"0":69,"1":69,"2":4},"f":{"0":69},"b":{},"_coverageSchema":"1a1c01bbd47fc00a2c39e90264f33305004495a9","hash":"7384ceea8e2a9dc74d6e620afa81bb5421921e92"}
,"C:\\Users\\Bruker\\lanalibre\\components\\PreviewCanvas.js": {"path":"C:\\Users\\Bruker\\lanalibre\\components\\PreviewCanvas.js","statementMap":{"0":{"start":{"line":5,"column":17},"end":{"line":5,"column":19}},"1":{"start":{"line":8,"column":14},"end":{"line":8,"column":24}},"2":{"start":{"line":9,"column":2},"end":{"line":9,"column":28}},"3":{"start":{"line":9,"column":17},"end":{"line":9,"column":28}},"4":{"start":{"line":10,"column":17},"end":{"line":10,"column":40}},"5":{"start":{"line":11,"column":2},"end":{"line":11,"column":57}},"6":{"start":{"line":15,"column":2},"end":{"line":15,"column":40}},"7":{"start":{"line":15,"column":26},"end":{"line":15,"column":40}},"8":{"start":{"line":16,"column":21},"end":{"line":16,"column":47}},"9":{"start":{"line":17,"column":17},"end":{"line":17,"column":68}},"10":{"start":{"line":18,"column":2},"end":{"line":18,"column":92}},"11":{"start":{"line":18,"column":54},"end":{"line":18,"column":90}},"12":{"start":{"line":22,"column":16},"end":{"line":22,"column":37}},"13":{"start":{"line":23,"column":16},"end":{"line":23,"column":37}},"14":{"start":{"line":24,"column":19},"end":{"line":24,"column":97}},"15":{"start":{"line":25,"column":17},"end":{"line":25,"column":56}},"16":{"start":{"line":26,"column":15},"end":{"line":26,"column":86}},"17":{"start":{"line":27,"column":15},"end":{"line":27,"column":86}},"18":{"start":{"line":28,"column":2},"end":{"line":28,"column":24}},"19":{"start":{"line":32,"column":22},"end":{"line":98,"column":2}},"20":{"start":{"line":36,"column":21},"end":{"line":36,"column":26}},"21":{"start":{"line":37,"column":21},"end":{"line":37,"column":74}},"22":{"start":{"line":38,"column":25},"end":{"line":38,"column":78}},"23":{"start":{"line":41,"column":23},"end":{"line":41,"column":60}},"24":{"start":{"line":42,"column":24},"end":{"line":42,"column":48}},"25":{"start":{"line":43,"column":23},"end":{"line":43,"column":47}},"26":{"start":{"line":45,"column":4},"end":{"line":52,"column":7}},"27":{"start":{"line":46,"column":20},"end":{"line":46,"column":53}},"28":{"start":{"line":47,"column":6},"end":{"line":51,"column":8}},"29":{"start":{"line":56,"column":15},"end":{"line":56,"column":48}},"30":{"start":{"line":57,"column":21},"end":{"line":57,"column":23}},"31":{"start":{"line":59,"column":4},"end":{"line":80,"column":5}},"32":{"start":{"line":59,"column":19},"end":{"line":59,"column":20}},"33":{"start":{"line":60,"column":6},"end":{"line":79,"column":7}},"34":{"start":{"line":60,"column":21},"end":{"line":60,"column":22}},"35":{"start":{"line":61,"column":20},"end":{"line":61,"column":75}},"36":{"start":{"line":62,"column":18},"end":{"line":62,"column":28}},"37":{"start":{"line":63,"column":18},"end":{"line":63,"column":30}},"38":{"start":{"line":65,"column":8},"end":{"line":78,"column":9}},"39":{"start":{"line":65,"column":21},"end":{"line":65,"column":22}},"40":{"start":{"line":66,"column":24},"end":{"line":66,"column":29}},"41":{"start":{"line":67,"column":23},"end":{"line":67,"column":37}},"42":{"start":{"line":68,"column":10},"end":{"line":77,"column":12}},"43":{"start":{"line":82,"column":4},"end":{"line":82,"column":20}},"44":{"start":{"line":86,"column":4},"end":{"line":86,"column":83}},"45":{"start":{"line":86,"column":54},"end":{"line":86,"column":83}},"46":{"start":{"line":87,"column":4},"end":{"line":89,"column":5}},"47":{"start":{"line":88,"column":6},"end":{"line":88,"column":29}},"48":{"start":{"line":90,"column":4},"end":{"line":90,"column":92}},"49":{"start":{"line":93,"column":2},"end":{"line":97,"column":4}}},"fnMap":{"0":{"name":"rotateArray","decl":{"start":{"line":7,"column":9},"end":{"line":7,"column":20}},"loc":{"start":{"line":7,"column":29},"end":{"line":12,"column":1}},"line":7},"1":{"name":"getSquareColors","decl":{"start":{"line":14,"column":9},"end":{"line":14,"column":24}},"loc":{"start":{"line":14,"column":65},"end":{"line":19,"column":1}},"line":14},"2":{"name":"(anonymous_2)","decl":{"start":{"line":18,"column":44},"end":{"line":18,"column":45}},"loc":{"start":{"line":18,"column":54},"end":{"line":18,"column":90}},"line":18},"3":{"name":"computeGrid","decl":{"start":{"line":21,"column":9},"end":{"line":21,"column":20}},"loc":{"start":{"line":21,"column":63},"end":{"line":29,"column":1}},"line":21},"4":{"name":"PreviewCanvas","decl":{"start":{"line":32,"column":42},"end":{"line":32,"column":55}},"loc":{"start":{"line":35,"column":2},"end":{"line":98,"column":1}},"line":35},"5":{"name":"renderStripes","decl":{"start":{"line":40,"column":11},"end":{"line":40,"column":24}},"loc":{"start":{"line":40,"column":27},"end":{"line":53,"column":3}},"line":40},"6":{"name":"(anonymous_6)","decl":{"start":{"line":45,"column":47},"end":{"line":45,"column":48}},"loc":{"start":{"line":45,"column":57},"end":{"line":52,"column":5}},"line":45},"7":{"name":"renderGrannySquares","decl":{"start":{"line":55,"column":11},"end":{"line":55,"column":30}},"loc":{"start":{"line":55,"column":33},"end":{"line":83,"column":3}},"line":55},"8":{"name":"renderContent","decl":{"start":{"line":85,"column":11},"end":{"line":85,"column":24}},"loc":{"start":{"line":85,"column":27},"end":{"line":91,"column":3}},"line":85}},"branchMap":{"0":{"loc":{"start":{"line":9,"column":2},"end":{"line":9,"column":28}},"type":"if","locations":[{"start":{"line":9,"column":2},"end":{"line":9,"column":28}},{"start":{},"end":{}}],"line":9},"1":{"loc":{"start":{"line":15,"column":2},"end":{"line":15,"column":40}},"type":"if","locations":[{"start":{"line":15,"column":2},"end":{"line":15,"column":40}},{"start":{},"end":{}}],"line":15},"2":{"loc":{"start":{"line":22,"column":16},"end":{"line":22,"column":37}},"type":"binary-expr","locations":[{"start":{"line":22,"column":16},"end":{"line":22,"column":30}},{"start":{"line":22,"column":34},"end":{"line":22,"column":37}}],"line":22},"3":{"loc":{"start":{"line":23,"column":16},"end":{"line":23,"column":37}},"type":"binary-expr","locations":[{"start":{"line":23,"column":16},"end":{"line":23,"column":30}},{"start":{"line":23,"column":34},"end":{"line":23,"column":37}}],"line":23},"4":{"loc":{"start":{"line":24,"column":19},"end":{"line":24,"column":97}},"type":"binary-expr","locations":[{"start":{"line":24,"column":19},"end":{"line":24,"column":56}},{"start":{"line":24,"column":60},"end":{"line":24,"column":97}}],"line":24},"5":{"loc":{"start":{"line":25,"column":17},"end":{"line":25,"column":56}},"type":"cond-expr","locations":[{"start":{"line":25,"column":28},"end":{"line":25,"column":37}},{"start":{"line":25,"column":40},"end":{"line":25,"column":56}}],"line":25},"6":{"loc":{"start":{"line":26,"column":15},"end":{"line":26,"column":86}},"type":"binary-expr","locations":[{"start":{"line":26,"column":15},"end":{"line":26,"column":23}},{"start":{"line":26,"column":27},"end":{"line":26,"column":86}}],"line":26},"7":{"loc":{"start":{"line":27,"column":15},"end":{"line":27,"column":86}},"type":"binary-expr","locations":[{"start":{"line":27,"column":15},"end":{"line":27,"column":23}},{"start":{"line":27,"column":27},"end":{"line":27,"column":86}}],"line":27},"8":{"loc":{"start":{"line":33,"column":42},"end":{"line":33,"column":56}},"type":"default-arg","locations":[{"start":{"line":33,"column":55},"end":{"line":33,"column":56}}],"line":33},"9":{"loc":{"start":{"line":37,"column":21},"end":{"line":37,"column":74}},"type":"cond-expr","locations":[{"start":{"line":37,"column":53},"end":{"line":37,"column":60}},{"start":{"line":37,"column":63},"end":{"line":37,"column":74}}],"line":37},"10":{"loc":{"start":{"line":37,"column":21},"end":{"line":37,"column":50}},"type":"binary-expr","locations":[{"start":{"line":37,"column":21},"end":{"line":37,"column":28}},{"start":{"line":37,"column":32},"end":{"line":37,"column":50}}],"line":37},"11":{"loc":{"start":{"line":42,"column":24},"end":{"line":42,"column":48}},"type":"cond-expr","locations":[{"start":{"line":42,"column":37},"end":{"line":42,"column":41}},{"start":{"line":42,"column":44},"end":{"line":42,"column":48}}],"line":42},"12":{"loc":{"start":{"line":47,"column":13},"end":{"line":51,"column":7}},"type":"cond-expr","locations":[{"start":{"line":48,"column":8},"end":{"line":48,"column":101}},{"start":{"line":50,"column":8},"end":{"line":50,"column":101}}],"line":47},"13":{"loc":{"start":{"line":86,"column":4},"end":{"line":86,"column":83}},"type":"if","locations":[{"start":{"line":86,"column":4},"end":{"line":86,"column":83}},{"start":{},"end":{}}],"line":86},"14":{"loc":{"start":{"line":87,"column":4},"end":{"line":89,"column":5}},"type":"if","locations":[{"start":{"line":87,"column":4},"end":{"line":89,"column":5}},{"start":{},"end":{}}],"line":87},"15":{"loc":{"start":{"line":87,"column":8},"end":{"line":87,"column":86}},"type":"binary-expr","locations":[{"start":{"line":87,"column":8},"end":{"line":87,"column":45}},{"start":{"line":87,"column":49},"end":{"line":87,"column":86}}],"line":87}},"s":{"0":1,"1":0,"2":0,"3":0,"4":0,"5":0,"6":140,"7":70,"8":70,"9":70,"10":70,"11":350,"12":5,"13":5,"14":5,"15":5,"16":5,"17":5,"18":5,"19":1,"20":5,"21":5,"22":5,"23":2,"24":2,"25":2,"26":2,"27":40,"28":40,"29":2,"30":2,"31":2,"32":2,"33":20,"34":20,"35":140,"36":140,"37":140,"38":140,"39":140,"40":490,"41":490,"42":490,"43":2,"44":5,"45":2,"46":3,"47":2,"48":1,"49":5},"f":{"0":0,"1":140,"2":350,"3":5,"4":5,"5":2,"6":40,"7":2,"8":5},"b":{"0":[0,0],"1":[70,70],"2":[5,0],"3":[5,0],"4":[5,4],"5":[2,3],"6":[5,5],"7":[5,5],"8":[4],"9":[5,0],"10":[5,5],"11":[1,1],"12":[20,20],"13":[2,3],"14":[2,1],"15":[3,2]},"_coverageSchema":"1a1c01bbd47fc00a2c39e90264f33305004495a9","hash":"f1898616513bc6d13d602ea2d6ad9920d5884ca6"}
,"C:\\Users\\Bruker\\lanalibre\\components\\ProjectCard.js": {"path":"C:\\Users\\Bruker\\lanalibre\\components\\ProjectCard.js","statementMap":{"0":{"start":{"line":10,"column":23},"end":{"line":10,"column":47}},"1":{"start":{"line":13,"column":2},"end":{"line":13,"column":27}},"2":{"start":{"line":13,"column":18},"end":{"line":13,"column":27}},"3":{"start":{"line":14,"column":13},"end":{"line":14,"column":72}},"4":{"start":{"line":15,"column":13},"end":{"line":15,"column":57}},"5":{"start":{"line":16,"column":2},"end":{"line":16,"column":60}},"6":{"start":{"line":20,"column":2},"end":{"line":20,"column":117}},"7":{"start":{"line":24,"column":28},"end":{"line":24,"column":38}},"8":{"start":{"line":25,"column":17},"end":{"line":25,"column":60}},"9":{"start":{"line":25,"column":31},"end":{"line":25,"column":49}},"10":{"start":{"line":26,"column":16},"end":{"line":26,"column":32}},"11":{"start":{"line":27,"column":15},"end":{"line":27,"column":63}},"12":{"start":{"line":28,"column":19},"end":{"line":28,"column":56}},"13":{"start":{"line":30,"column":2},"end":{"line":71,"column":4}},"14":{"start":{"line":74,"column":30},"end":{"line":130,"column":3}}},"fnMap":{"0":{"name":"daysRemaining","decl":{"start":{"line":12,"column":9},"end":{"line":12,"column":22}},"loc":{"start":{"line":12,"column":34},"end":{"line":17,"column":1}},"line":12},"1":{"name":"getTagStyle","decl":{"start":{"line":19,"column":9},"end":{"line":19,"column":20}},"loc":{"start":{"line":19,"column":34},"end":{"line":21,"column":1}},"line":19},"2":{"name":"ProjectCard","decl":{"start":{"line":23,"column":24},"end":{"line":23,"column":35}},"loc":{"start":{"line":23,"column":90},"end":{"line":72,"column":1}},"line":23},"3":{"name":"(anonymous_3)","decl":{"start":{"line":25,"column":25},"end":{"line":25,"column":26}},"loc":{"start":{"line":25,"column":31},"end":{"line":25,"column":49}},"line":25},"4":{"name":"makeStyles","decl":{"start":{"line":74,"column":9},"end":{"line":74,"column":19}},"loc":{"start":{"line":74,"column":28},"end":{"line":130,"column":5}},"line":74}},"branchMap":{"0":{"loc":{"start":{"line":13,"column":2},"end":{"line":13,"column":27}},"type":"if","locations":[{"start":{"line":13,"column":2},"end":{"line":13,"column":27}},{"start":{},"end":{}}],"line":13},"1":{"loc":{"start":{"line":14,"column":13},"end":{"line":14,"column":72}},"type":"cond-expr","locations":[{"start":{"line":14,"column":32},"end":{"line":14,"column":50}},{"start":{"line":14,"column":53},"end":{"line":14,"column":72}}],"line":14},"2":{"loc":{"start":{"line":20,"column":9},"end":{"line":20,"column":116}},"type":"binary-expr","locations":[{"start":{"line":20,"column":9},"end":{"line":20,"column":25}},{"start":{"line":20,"column":29},"end":{"line":20,"column":116}}],"line":20},"3":{"loc":{"start":{"line":27,"column":15},"end":{"line":27,"column":63}},"type":"cond-expr","locations":[{"start":{"line":27,"column":27},"end":{"line":27,"column":59}},{"start":{"line":27,"column":62},"end":{"line":27,"column":63}}],"line":27},"4":{"loc":{"start":{"line":42,"column":9},"end":{"line":51,"column":9}},"type":"binary-expr","locations":[{"start":{"line":42,"column":9},"end":{"line":42,"column":19}},{"start":{"line":43,"column":10},"end":{"line":50,"column":29}}],"line":42},"5":{"loc":{"start":{"line":58,"column":7},"end":{"line":69,"column":7}},"type":"binary-expr","locations":[{"start":{"line":58,"column":7},"end":{"line":58,"column":16}},{"start":{"line":59,"column":8},"end":{"line":68,"column":15}}],"line":58}},"s":{"0":1,"1":2,"2":0,"3":2,"4":2,"5":2,"6":15,"7":15,"8":15,"9":14,"10":15,"11":15,"12":15,"13":15,"14":14},"f":{"0":2,"1":15,"2":15,"3":14,"4":14},"b":{"0":[0,2],"1":[2,0],"2":[15,0],"3":[2,13],"4":[15,13],"5":[15,2]},"_coverageSchema":"1a1c01bbd47fc00a2c39e90264f33305004495a9","hash":"d729725b9b4ae5fd5f8d25c2e17994f132cefbcf"}
,"C:\\Users\\Bruker\\lanalibre\\components\\ResultSummaryCard.js": {"path":"C:\\Users\\Bruker\\lanalibre\\components\\ResultSummaryCard.js","statementMap":{"0":{"start":{"line":20,"column":28},"end":{"line":20,"column":38}},"1":{"start":{"line":21,"column":17},"end":{"line":21,"column":60}},"2":{"start":{"line":21,"column":31},"end":{"line":21,"column":49}},"3":{"start":{"line":22,"column":16},"end":{"line":22,"column":32}},"4":{"start":{"line":23,"column":18},"end":{"line":23,"column":44}},"5":{"start":{"line":25,"column":2},"end":{"line":41,"column":4}},"6":{"start":{"line":44,"column":30},"end":{"line":88,"column":3}}},"fnMap":{"0":{"name":"ResultSummaryCard","decl":{"start":{"line":11,"column":24},"end":{"line":11,"column":41}},"loc":{"start":{"line":19,"column":3},"end":{"line":42,"column":1}},"line":19},"1":{"name":"(anonymous_1)","decl":{"start":{"line":21,"column":25},"end":{"line":21,"column":26}},"loc":{"start":{"line":21,"column":31},"end":{"line":21,"column":49}},"line":21},"2":{"name":"makeStyles","decl":{"start":{"line":44,"column":9},"end":{"line":44,"column":19}},"loc":{"start":{"line":44,"column":28},"end":{"line":88,"column":5}},"line":44}},"branchMap":{"0":{"loc":{"start":{"line":34,"column":11},"end":{"line":36,"column":11}},"type":"binary-expr","locations":[{"start":{"line":34,"column":11},"end":{"line":34,"column":20}},{"start":{"line":35,"column":12},"end":{"line":35,"column":95}}],"line":34}},"s":{"0":2,"1":2,"2":2,"3":2,"4":2,"5":2,"6":2},"f":{"0":2,"1":2,"2":2},"b":{"0":[2,1]},"_coverageSchema":"1a1c01bbd47fc00a2c39e90264f33305004495a9","hash":"16a155bde876eb071312a2388b549759051c7a0e"}
,"C:\\Users\\Bruker\\lanalibre\\components\\TagLegendModal.js": {"path":"C:\\Users\\Bruker\\lanalibre\\components\\TagLegendModal.js","statementMap":{"0":{"start":{"line":9,"column":13},"end":{"line":9,"column":62}},"1":{"start":{"line":12,"column":2},"end":{"line":12,"column":117}},"2":{"start":{"line":16,"column":28},"end":{"line":16,"column":38}},"3":{"start":{"line":17,"column":17},"end":{"line":17,"column":60}},"4":{"start":{"line":17,"column":31},"end":{"line":17,"column":49}},"5":{"start":{"line":18,"column":16},"end":{"line":18,"column":32}},"6":{"start":{"line":19,"column":2},"end":{"line":44,"column":4}},"7":{"start":{"line":27,"column":25},"end":{"line":27,"column":49}},"8":{"start":{"line":28,"column":14},"end":{"line":35,"column":16}},"9":{"start":{"line":47,"column":30},"end":{"line":113,"column":3}}},"fnMap":{"0":{"name":"getTagStyle","decl":{"start":{"line":11,"column":9},"end":{"line":11,"column":20}},"loc":{"start":{"line":11,"column":34},"end":{"line":13,"column":1}},"line":11},"1":{"name":"TagLegendModal","decl":{"start":{"line":15,"column":24},"end":{"line":15,"column":38}},"loc":{"start":{"line":15,"column":61},"end":{"line":45,"column":1}},"line":15},"2":{"name":"(anonymous_2)","decl":{"start":{"line":17,"column":25},"end":{"line":17,"column":26}},"loc":{"start":{"line":17,"column":31},"end":{"line":17,"column":49}},"line":17},"3":{"name":"(anonymous_3)","decl":{"start":{"line":26,"column":22},"end":{"line":26,"column":23}},"loc":{"start":{"line":26,"column":31},"end":{"line":36,"column":13}},"line":26},"4":{"name":"makeStyles","decl":{"start":{"line":47,"column":9},"end":{"line":47,"column":19}},"loc":{"start":{"line":47,"column":28},"end":{"line":113,"column":5}},"line":47}},"branchMap":{"0":{"loc":{"start":{"line":12,"column":9},"end":{"line":12,"column":116}},"type":"binary-expr","locations":[{"start":{"line":12,"column":9},"end":{"line":12,"column":25}},{"start":{"line":12,"column":29},"end":{"line":12,"column":116}}],"line":12}},"s":{"0":1,"1":77,"2":11,"3":11,"4":6,"5":11,"6":11,"7":77,"8":77,"9":6},"f":{"0":77,"1":11,"2":6,"3":77,"4":6},"b":{"0":[77,0]},"_coverageSchema":"1a1c01bbd47fc00a2c39e90264f33305004495a9","hash":"530bafb27991a4c86fb4979db9c562dffe7858c7"}
,"C:\\Users\\Bruker\\lanalibre\\components\\Toast.js": {"path":"C:\\Users\\Bruker\\lanalibre\\components\\Toast.js","statementMap":{"0":{"start":{"line":8,"column":21},"end":{"line":12,"column":1}},"1":{"start":{"line":15,"column":17},"end":{"line":15,"column":59}},"2":{"start":{"line":16,"column":18},"end":{"line":16,"column":55}},"3":{"start":{"line":18,"column":2},"end":{"line":26,"column":16}},"4":{"start":{"line":19,"column":4},"end":{"line":25,"column":5}},"5":{"start":{"line":20,"column":6},"end":{"line":20,"column":93}},"6":{"start":{"line":21,"column":20},"end":{"line":23,"column":14}},"7":{"start":{"line":22,"column":8},"end":{"line":22,"column":111}},"8":{"start":{"line":22,"column":99},"end":{"line":22,"column":109}},"9":{"start":{"line":24,"column":6},"end":{"line":24,"column":39}},"10":{"start":{"line":24,"column":19},"end":{"line":24,"column":38}},"11":{"start":{"line":28,"column":2},"end":{"line":28,"column":28}},"12":{"start":{"line":28,"column":16},"end":{"line":28,"column":28}},"13":{"start":{"line":30,"column":19},"end":{"line":30,"column":25}},"14":{"start":{"line":32,"column":2},"end":{"line":39,"column":4}},"15":{"start":{"line":42,"column":15},"end":{"line":71,"column":2}}},"fnMap":{"0":{"name":"Toast","decl":{"start":{"line":14,"column":24},"end":{"line":14,"column":29}},"loc":{"start":{"line":14,"column":78},"end":{"line":40,"column":1}},"line":14},"1":{"name":"(anonymous_1)","decl":{"start":{"line":18,"column":12},"end":{"line":18,"column":13}},"loc":{"start":{"line":18,"column":18},"end":{"line":26,"column":3}},"line":18},"2":{"name":"(anonymous_2)","decl":{"start":{"line":21,"column":31},"end":{"line":21,"column":32}},"loc":{"start":{"line":21,"column":37},"end":{"line":23,"column":7}},"line":21},"3":{"name":"(anonymous_3)","decl":{"start":{"line":22,"column":93},"end":{"line":22,"column":94}},"loc":{"start":{"line":22,"column":99},"end":{"line":22,"column":109}},"line":22},"4":{"name":"(anonymous_4)","decl":{"start":{"line":24,"column":13},"end":{"line":24,"column":14}},"loc":{"start":{"line":24,"column":19},"end":{"line":24,"column":38}},"line":24}},"branchMap":{"0":{"loc":{"start":{"line":14,"column":50},"end":{"line":14,"column":66}},"type":"default-arg","locations":[{"start":{"line":14,"column":57},"end":{"line":14,"column":66}}],"line":14},"1":{"loc":{"start":{"line":15,"column":17},"end":{"line":15,"column":59}},"type":"binary-expr","locations":[{"start":{"line":15,"column":17},"end":{"line":15,"column":35}},{"start":{"line":15,"column":39},"end":{"line":15,"column":59}}],"line":15},"2":{"loc":{"start":{"line":19,"column":4},"end":{"line":25,"column":5}},"type":"if","locations":[{"start":{"line":19,"column":4},"end":{"line":25,"column":5}},{"start":{},"end":{}}],"line":19},"3":{"loc":{"start":{"line":28,"column":2},"end":{"line":28,"column":28}},"type":"if","locations":[{"start":{"line":28,"column":2},"end":{"line":28,"column":28}},{"start":{},"end":{}}],"line":28}},"s":{"0":4,"1":102,"2":102,"3":102,"4":31,"5":2,"6":2,"7":0,"8":0,"9":2,"10":2,"11":102,"12":98,"13":4,"14":4,"15":4},"f":{"0":102,"1":31,"2":0,"3":0,"4":2},"b":{"0":[0],"1":[102,0],"2":[2,29],"3":[98,4]},"_coverageSchema":"1a1c01bbd47fc00a2c39e90264f33305004495a9","hash":"4304632570bb1d89845f5049703a4df530cce318"}
,"C:\\Users\\Bruker\\lanalibre\\components\\journal\\ColorPickerPanel.js": {"path":"C:\\Users\\Bruker\\lanalibre\\components\\journal\\ColorPickerPanel.js","statementMap":{"0":{"start":{"line":10,"column":22},"end":{"line":10,"column":31}},"1":{"start":{"line":15,"column":28},"end":{"line":15,"column":38}},"2":{"start":{"line":16,"column":12},"end":{"line":16,"column":55}},"3":{"start":{"line":16,"column":26},"end":{"line":16,"column":44}},"4":{"start":{"line":17,"column":26},"end":{"line":17,"column":37}},"5":{"start":{"line":18,"column":40},"end":{"line":18,"column":63}},"6":{"start":{"line":19,"column":38},"end":{"line":19,"column":49}},"7":{"start":{"line":21,"column":2},"end":{"line":21,"column":28}},"8":{"start":{"line":21,"column":16},"end":{"line":21,"column":28}},"9":{"start":{"line":24,"column":4},"end":{"line":24,"column":58}},"10":{"start":{"line":25,"column":4},"end":{"line":25,"column":15}},"11":{"start":{"line":28,"column":2},"end":{"line":56,"column":3}},"12":{"start":{"line":29,"column":4},"end":{"line":55,"column":6}},"13":{"start":{"line":51,"column":41},"end":{"line":51,"column":51}},"14":{"start":{"line":58,"column":2},"end":{"line":112,"column":4}},"15":{"start":{"line":67,"column":14},"end":{"line":78,"column":16}},"16":{"start":{"line":76,"column":31},"end":{"line":76,"column":50}},"17":{"start":{"line":86,"column":10},"end":{"line":104,"column":17}},"18":{"start":{"line":90,"column":16},"end":{"line":101,"column":18}},"19":{"start":{"line":99,"column":33},"end":{"line":99,"column":52}},"20":{"start":{"line":108,"column":60},"end":{"line":108,"column":70}},"21":{"start":{"line":117,"column":30},"end":{"line":231,"column":3}}},"fnMap":{"0":{"name":"ColorPickerPanel","decl":{"start":{"line":14,"column":24},"end":{"line":14,"column":40}},"loc":{"start":{"line":14,"column":91},"end":{"line":113,"column":1}},"line":14},"1":{"name":"(anonymous_1)","decl":{"start":{"line":16,"column":20},"end":{"line":16,"column":21}},"loc":{"start":{"line":16,"column":26},"end":{"line":16,"column":44}},"line":16},"2":{"name":"handleActivate","decl":{"start":{"line":23,"column":11},"end":{"line":23,"column":25}},"loc":{"start":{"line":23,"column":28},"end":{"line":26,"column":3}},"line":23},"3":{"name":"(anonymous_3)","decl":{"start":{"line":51,"column":35},"end":{"line":51,"column":36}},"loc":{"start":{"line":51,"column":41},"end":{"line":51,"column":51}},"line":51},"4":{"name":"(anonymous_4)","decl":{"start":{"line":66,"column":30},"end":{"line":66,"column":31}},"loc":{"start":{"line":67,"column":14},"end":{"line":78,"column":16}},"line":67},"5":{"name":"(anonymous_5)","decl":{"start":{"line":76,"column":25},"end":{"line":76,"column":26}},"loc":{"start":{"line":76,"column":31},"end":{"line":76,"column":50}},"line":76},"6":{"name":"(anonymous_6)","decl":{"start":{"line":85,"column":21},"end":{"line":85,"column":22}},"loc":{"start":{"line":86,"column":10},"end":{"line":104,"column":17}},"line":86},"7":{"name":"(anonymous_7)","decl":{"start":{"line":89,"column":28},"end":{"line":89,"column":29}},"loc":{"start":{"line":90,"column":16},"end":{"line":101,"column":18}},"line":90},"8":{"name":"(anonymous_8)","decl":{"start":{"line":99,"column":27},"end":{"line":99,"column":28}},"loc":{"start":{"line":99,"column":33},"end":{"line":99,"column":52}},"line":99},"9":{"name":"(anonymous_9)","decl":{"start":{"line":108,"column":54},"end":{"line":108,"column":55}},"loc":{"start":{"line":108,"column":60},"end":{"line":108,"column":70}},"line":108},"10":{"name":"makeStyles","decl":{"start":{"line":117,"column":9},"end":{"line":117,"column":19}},"loc":{"start":{"line":117,"column":28},"end":{"line":231,"column":5}},"line":117}},"branchMap":{"0":{"loc":{"start":{"line":21,"column":2},"end":{"line":21,"column":28}},"type":"if","locations":[{"start":{"line":21,"column":2},"end":{"line":21,"column":28}},{"start":{},"end":{}}],"line":21},"1":{"loc":{"start":{"line":28,"column":2},"end":{"line":56,"column":3}},"type":"if","locations":[{"start":{"line":28,"column":2},"end":{"line":56,"column":3}},{"start":{},"end":{}}],"line":28},"2":{"loc":{"start":{"line":62,"column":7},"end":{"line":82,"column":7}},"type":"binary-expr","locations":[{"start":{"line":62,"column":7},"end":{"line":62,"column":30}},{"start":{"line":63,"column":8},"end":{"line":81,"column":15}}],"line":62},"3":{"loc":{"start":{"line":73,"column":18},"end":{"line":73,"column":47}},"type":"binary-expr","locations":[{"start":{"line":73,"column":18},"end":{"line":73,"column":30}},{"start":{"line":73,"column":34},"end":{"line":73,"column":47}}],"line":73},"4":{"loc":{"start":{"line":74,"column":18},"end":{"line":74,"column":57}},"type":"binary-expr","locations":[{"start":{"line":74,"column":18},"end":{"line":74,"column":37}},{"start":{"line":74,"column":41},"end":{"line":74,"column":57}}],"line":74},"5":{"loc":{"start":{"line":96,"column":20},"end":{"line":96,"column":49}},"type":"binary-expr","locations":[{"start":{"line":96,"column":20},"end":{"line":96,"column":32}},{"start":{"line":96,"column":36},"end":{"line":96,"column":49}}],"line":96},"6":{"loc":{"start":{"line":97,"column":20},"end":{"line":97,"column":59}},"type":"binary-expr","locations":[{"start":{"line":97,"column":20},"end":{"line":97,"column":39}},{"start":{"line":97,"column":43},"end":{"line":97,"column":59}}],"line":97}},"s":{"0":2,"1":34,"2":34,"3":7,"4":34,"5":34,"6":34,"7":34,"8":31,"9":1,"10":1,"11":3,"12":1,"13":0,"14":2,"15":0,"16":0,"17":14,"18":144,"19":0,"20":1,"21":7},"f":{"0":34,"1":7,"2":1,"3":0,"4":0,"5":0,"6":14,"7":144,"8":0,"9":1,"10":7},"b":{"0":[31,3],"1":[1,2],"2":[2,0],"3":[0,0],"4":[0,0],"5":[144,40],"6":[144,2]},"_coverageSchema":"1a1c01bbd47fc00a2c39e90264f33305004495a9","hash":"b496f96aedf4d2a5d4b810b55ab3593e5919c98d"}
,"C:\\Users\\Bruker\\lanalibre\\components\\journal\\ImageWidget.js": {"path":"C:\\Users\\Bruker\\lanalibre\\components\\journal\\ImageWidget.js","statementMap":{"0":{"start":{"line":10,"column":17},"end":{"line":10,"column":19}},"1":{"start":{"line":11,"column":15},"end":{"line":11,"column":17}},"2":{"start":{"line":16,"column":16},"end":{"line":16,"column":26}},"3":{"start":{"line":18,"column":21},"end":{"line":18,"column":36}},"4":{"start":{"line":19,"column":2},"end":{"line":19,"column":31}},"5":{"start":{"line":20,"column":22},"end":{"line":20,"column":38}},"6":{"start":{"line":21,"column":2},"end":{"line":21,"column":33}},"7":{"start":{"line":23,"column":23},"end":{"line":62,"column":11}},"8":{"start":{"line":25,"column":42},"end":{"line":25,"column":46}},"9":{"start":{"line":26,"column":49},"end":{"line":26,"column":53}},"10":{"start":{"line":28,"column":19},"end":{"line":28,"column":37}},"11":{"start":{"line":29,"column":8},"end":{"line":34,"column":10}},"12":{"start":{"line":37,"column":27},"end":{"line":37,"column":29}},"13":{"start":{"line":38,"column":56},"end":{"line":38,"column":69}},"14":{"start":{"line":39,"column":16},"end":{"line":39,"column":18}},"15":{"start":{"line":39,"column":24},"end":{"line":39,"column":26}},"16":{"start":{"line":39,"column":36},"end":{"line":39,"column":38}},"17":{"start":{"line":39,"column":49},"end":{"line":39,"column":51}},"18":{"start":{"line":41,"column":8},"end":{"line":57,"column":9}},"19":{"start":{"line":42,"column":10},"end":{"line":42,"column":22}},"20":{"start":{"line":42,"column":23},"end":{"line":42,"column":35}},"21":{"start":{"line":43,"column":10},"end":{"line":43,"column":46}},"22":{"start":{"line":44,"column":10},"end":{"line":44,"column":47}},"23":{"start":{"line":45,"column":15},"end":{"line":57,"column":9}},"24":{"start":{"line":46,"column":10},"end":{"line":46,"column":22}},"25":{"start":{"line":47,"column":10},"end":{"line":47,"column":46}},"26":{"start":{"line":48,"column":10},"end":{"line":48,"column":47}},"27":{"start":{"line":49,"column":15},"end":{"line":57,"column":9}},"28":{"start":{"line":50,"column":10},"end":{"line":50,"column":22}},"29":{"start":{"line":51,"column":10},"end":{"line":51,"column":46}},"30":{"start":{"line":52,"column":10},"end":{"line":52,"column":47}},"31":{"start":{"line":55,"column":10},"end":{"line":55,"column":46}},"32":{"start":{"line":56,"column":10},"end":{"line":56,"column":47}},"33":{"start":{"line":59,"column":8},"end":{"line":59,"column":76}},"34":{"start":{"line":64,"column":14},"end":{"line":69,"column":11}},"35":{"start":{"line":71,"column":2},"end":{"line":76,"column":4}},"36":{"start":{"line":82,"column":28},"end":{"line":82,"column":38}},"37":{"start":{"line":83,"column":12},"end":{"line":83,"column":55}},"38":{"start":{"line":83,"column":26},"end":{"line":83,"column":44}},"39":{"start":{"line":85,"column":2},"end":{"line":115,"column":4}},"40":{"start":{"line":120,"column":30},"end":{"line":158,"column":3}}},"fnMap":{"0":{"name":"CornerHandle","decl":{"start":{"line":15,"column":9},"end":{"line":15,"column":21}},"loc":{"start":{"line":15,"column":61},"end":{"line":77,"column":1}},"line":15},"1":{"name":"(anonymous_1)","decl":{"start":{"line":25,"column":36},"end":{"line":25,"column":37}},"loc":{"start":{"line":25,"column":42},"end":{"line":25,"column":46}},"line":25},"2":{"name":"(anonymous_2)","decl":{"start":{"line":26,"column":43},"end":{"line":26,"column":44}},"loc":{"start":{"line":26,"column":49},"end":{"line":26,"column":53}},"line":26},"3":{"name":"(anonymous_3)","decl":{"start":{"line":27,"column":27},"end":{"line":27,"column":28}},"loc":{"start":{"line":27,"column":33},"end":{"line":35,"column":7}},"line":27},"4":{"name":"(anonymous_4)","decl":{"start":{"line":36,"column":26},"end":{"line":36,"column":27}},"loc":{"start":{"line":36,"column":37},"end":{"line":60,"column":7}},"line":36},"5":{"name":"ImageWidget","decl":{"start":{"line":81,"column":24},"end":{"line":81,"column":35}},"loc":{"start":{"line":81,"column":78},"end":{"line":116,"column":1}},"line":81},"6":{"name":"(anonymous_6)","decl":{"start":{"line":83,"column":20},"end":{"line":83,"column":21}},"loc":{"start":{"line":83,"column":26},"end":{"line":83,"column":44}},"line":83},"7":{"name":"makeStyles","decl":{"start":{"line":120,"column":9},"end":{"line":120,"column":19}},"loc":{"start":{"line":120,"column":28},"end":{"line":158,"column":5}},"line":120}},"branchMap":{"0":{"loc":{"start":{"line":41,"column":8},"end":{"line":57,"column":9}},"type":"if","locations":[{"start":{"line":41,"column":8},"end":{"line":57,"column":9}},{"start":{"line":45,"column":15},"end":{"line":57,"column":9}}],"line":41},"1":{"loc":{"start":{"line":45,"column":15},"end":{"line":57,"column":9}},"type":"if","locations":[{"start":{"line":45,"column":15},"end":{"line":57,"column":9}},{"start":{"line":49,"column":15},"end":{"line":57,"column":9}}],"line":45},"2":{"loc":{"start":{"line":49,"column":15},"end":{"line":57,"column":9}},"type":"if","locations":[{"start":{"line":49,"column":15},"end":{"line":57,"column":9}},{"start":{"line":53,"column":15},"end":{"line":57,"column":9}}],"line":49},"3":{"loc":{"start":{"line":87,"column":21},"end":{"line":87,"column":39}},"type":"cond-expr","locations":[{"start":{"line":87,"column":32},"end":{"line":87,"column":33}},{"start":{"line":87,"column":36},"end":{"line":87,"column":39}}],"line":87},"4":{"loc":{"start":{"line":91,"column":7},"end":{"line":91,"column":46}},"type":"binary-expr","locations":[{"start":{"line":91,"column":7},"end":{"line":91,"column":15}},{"start":{"line":91,"column":19},"end":{"line":91,"column":46}}],"line":91},"5":{"loc":{"start":{"line":93,"column":7},"end":{"line":104,"column":7}},"type":"cond-expr","locations":[{"start":{"line":94,"column":8},"end":{"line":97,"column":15}},{"start":{"line":99,"column":8},"end":{"line":103,"column":10}}],"line":93},"6":{"loc":{"start":{"line":106,"column":7},"end":{"line":113,"column":7}},"type":"binary-expr","locations":[{"start":{"line":106,"column":7},"end":{"line":106,"column":15}},{"start":{"line":107,"column":8},"end":{"line":112,"column":11}}],"line":106}},"s":{"0":2,"1":2,"2":0,"3":0,"4":0,"5":0,"6":0,"7":0,"8":0,"9":0,"10":0,"11":0,"12":0,"13":0,"14":0,"15":0,"16":0,"17":0,"18":0,"19":0,"20":0,"21":0,"22":0,"23":0,"24":0,"25":0,"26":0,"27":0,"28":0,"29":0,"30":0,"31":0,"32":0,"33":0,"34":0,"35":0,"36":3,"37":3,"38":1,"39":3,"40":1},"f":{"0":0,"1":0,"2":0,"3":0,"4":0,"5":3,"6":1,"7":1},"b":{"0":[0,0],"1":[0,0],"2":[0,0],"3":[0,3],"4":[3,0],"5":[0,3],"6":[3,0]},"_coverageSchema":"1a1c01bbd47fc00a2c39e90264f33305004495a9","hash":"ba816e7378f0b1444054ea0f572a81a183fc983d"}
,"C:\\Users\\Bruker\\lanalibre\\components\\journal\\PuntosPanel.js": {"path":"C:\\Users\\Bruker\\lanalibre\\components\\journal\\PuntosPanel.js","statementMap":{"0":{"start":{"line":11,"column":11},"end":{"line":11,"column":14}},"1":{"start":{"line":12,"column":13},"end":{"line":12,"column":15}},"2":{"start":{"line":15,"column":2},"end":{"line":19,"column":4}},"3":{"start":{"line":23,"column":2},"end":{"line":27,"column":4}},"4":{"start":{"line":31,"column":2},"end":{"line":36,"column":4}},"5":{"start":{"line":40,"column":2},"end":{"line":45,"column":4}},"6":{"start":{"line":49,"column":2},"end":{"line":54,"column":4}},"7":{"start":{"line":58,"column":2},"end":{"line":64,"column":4}},"8":{"start":{"line":68,"column":2},"end":{"line":74,"column":4}},"9":{"start":{"line":77,"column":17},"end":{"line":85,"column":1}},"10":{"start":{"line":90,"column":28},"end":{"line":90,"column":38}},"11":{"start":{"line":91,"column":12},"end":{"line":91,"column":55}},"12":{"start":{"line":91,"column":26},"end":{"line":91,"column":44}},"13":{"start":{"line":93,"column":2},"end":{"line":93,"column":28}},"14":{"start":{"line":93,"column":16},"end":{"line":93,"column":28}},"15":{"start":{"line":95,"column":2},"end":{"line":112,"column":4}},"16":{"start":{"line":100,"column":10},"end":{"line":108,"column":29}},"17":{"start":{"line":103,"column":27},"end":{"line":103,"column":41}},"18":{"start":{"line":117,"column":30},"end":{"line":165,"column":3}}},"fnMap":{"0":{"name":"CadenaIcon","decl":{"start":{"line":14,"column":9},"end":{"line":14,"column":19}},"loc":{"start":{"line":14,"column":44},"end":{"line":20,"column":1}},"line":14},"1":{"name":"PuntoRasoIcon","decl":{"start":{"line":22,"column":9},"end":{"line":22,"column":22}},"loc":{"start":{"line":22,"column":47},"end":{"line":28,"column":1}},"line":22},"2":{"name":"PuntoBajoIcon","decl":{"start":{"line":30,"column":9},"end":{"line":30,"column":22}},"loc":{"start":{"line":30,"column":47},"end":{"line":37,"column":1}},"line":30},"3":{"name":"MedioPuntoAltoIcon","decl":{"start":{"line":39,"column":9},"end":{"line":39,"column":27}},"loc":{"start":{"line":39,"column":52},"end":{"line":46,"column":1}},"line":39},"4":{"name":"PuntoAltoIcon","decl":{"start":{"line":48,"column":9},"end":{"line":48,"column":22}},"loc":{"start":{"line":48,"column":47},"end":{"line":55,"column":1}},"line":48},"5":{"name":"PuntoAltoDobleIcon","decl":{"start":{"line":57,"column":9},"end":{"line":57,"column":27}},"loc":{"start":{"line":57,"column":52},"end":{"line":65,"column":1}},"line":57},"6":{"name":"AnilloMagicoIcon","decl":{"start":{"line":67,"column":9},"end":{"line":67,"column":25}},"loc":{"start":{"line":67,"column":50},"end":{"line":75,"column":1}},"line":67},"7":{"name":"PuntosPanel","decl":{"start":{"line":89,"column":24},"end":{"line":89,"column":35}},"loc":{"start":{"line":89,"column":62},"end":{"line":113,"column":1}},"line":89},"8":{"name":"(anonymous_8)","decl":{"start":{"line":91,"column":20},"end":{"line":91,"column":21}},"loc":{"start":{"line":91,"column":26},"end":{"line":91,"column":44}},"line":91},"9":{"name":"(anonymous_9)","decl":{"start":{"line":99,"column":22},"end":{"line":99,"column":23}},"loc":{"start":{"line":100,"column":10},"end":{"line":108,"column":29}},"line":100},"10":{"name":"(anonymous_10)","decl":{"start":{"line":103,"column":21},"end":{"line":103,"column":22}},"loc":{"start":{"line":103,"column":27},"end":{"line":103,"column":41}},"line":103},"11":{"name":"makeStyles","decl":{"start":{"line":117,"column":9},"end":{"line":117,"column":19}},"loc":{"start":{"line":117,"column":28},"end":{"line":165,"column":5}},"line":117}},"branchMap":{"0":{"loc":{"start":{"line":14,"column":22},"end":{"line":14,"column":40}},"type":"default-arg","locations":[{"start":{"line":14,"column":31},"end":{"line":14,"column":40}}],"line":14},"1":{"loc":{"start":{"line":22,"column":25},"end":{"line":22,"column":43}},"type":"default-arg","locations":[{"start":{"line":22,"column":34},"end":{"line":22,"column":43}}],"line":22},"2":{"loc":{"start":{"line":30,"column":25},"end":{"line":30,"column":43}},"type":"default-arg","locations":[{"start":{"line":30,"column":34},"end":{"line":30,"column":43}}],"line":30},"3":{"loc":{"start":{"line":39,"column":30},"end":{"line":39,"column":48}},"type":"default-arg","locations":[{"start":{"line":39,"column":39},"end":{"line":39,"column":48}}],"line":39},"4":{"loc":{"start":{"line":48,"column":25},"end":{"line":48,"column":43}},"type":"default-arg","locations":[{"start":{"line":48,"column":34},"end":{"line":48,"column":43}}],"line":48},"5":{"loc":{"start":{"line":57,"column":30},"end":{"line":57,"column":48}},"type":"default-arg","locations":[{"start":{"line":57,"column":39},"end":{"line":57,"column":48}}],"line":57},"6":{"loc":{"start":{"line":67,"column":28},"end":{"line":67,"column":46}},"type":"default-arg","locations":[{"start":{"line":67,"column":37},"end":{"line":67,"column":46}}],"line":67},"7":{"loc":{"start":{"line":93,"column":2},"end":{"line":93,"column":28}},"type":"if","locations":[{"start":{"line":93,"column":2},"end":{"line":93,"column":28}},{"start":{},"end":{}}],"line":93},"8":{"loc":{"start":{"line":128,"column":19},"end":{"line":128,"column":49}},"type":"binary-expr","locations":[{"start":{"line":128,"column":19},"end":{"line":128,"column":29}},{"start":{"line":128,"column":33},"end":{"line":128,"column":43}},{"start":{"line":128,"column":47},"end":{"line":128,"column":49}}],"line":128}},"s":{"0":2,"1":2,"2":4,"3":4,"4":4,"5":4,"6":4,"7":4,"8":4,"9":2,"10":35,"11":35,"12":9,"13":35,"14":31,"15":4,"16":28,"17":2,"18":9},"f":{"0":4,"1":4,"2":4,"3":4,"4":4,"5":4,"6":4,"7":35,"8":9,"9":28,"10":2,"11":9},"b":{"0":[0],"1":[0],"2":[0],"3":[0],"4":[0],"5":[0],"6":[0],"7":[31,4],"8":[9,0,0]},"_coverageSchema":"1a1c01bbd47fc00a2c39e90264f33305004495a9","hash":"de535f03f0ea839f958ff5486b4216f4d0ff62a2"}
,"C:\\Users\\Bruker\\lanalibre\\components\\journal\\StitchWidget.js": {"path":"C:\\Users\\Bruker\\lanalibre\\components\\journal\\StitchWidget.js","statementMap":{"0":{"start":{"line":6,"column":11},"end":{"line":6,"column":14}},"1":{"start":{"line":7,"column":13},"end":{"line":7,"column":15}},"2":{"start":{"line":12,"column":2},"end":{"line":16,"column":4}},"3":{"start":{"line":20,"column":2},"end":{"line":24,"column":4}},"4":{"start":{"line":28,"column":2},"end":{"line":33,"column":4}},"5":{"start":{"line":37,"column":2},"end":{"line":42,"column":4}},"6":{"start":{"line":46,"column":2},"end":{"line":51,"column":4}},"7":{"start":{"line":55,"column":2},"end":{"line":61,"column":4}},"8":{"start":{"line":65,"column":2},"end":{"line":71,"column":4}},"9":{"start":{"line":74,"column":17},"end":{"line":82,"column":1}},"10":{"start":{"line":87,"column":28},"end":{"line":87,"column":38}},"11":{"start":{"line":88,"column":12},"end":{"line":88,"column":55}},"12":{"start":{"line":88,"column":26},"end":{"line":88,"column":44}},"13":{"start":{"line":89,"column":15},"end":{"line":89,"column":60}},"14":{"start":{"line":90,"column":26},"end":{"line":90,"column":55}},"15":{"start":{"line":92,"column":26},"end":{"line":104,"column":11}},"16":{"start":{"line":94,"column":42},"end":{"line":94,"column":46}},"17":{"start":{"line":95,"column":49},"end":{"line":95,"column":53}},"18":{"start":{"line":97,"column":8},"end":{"line":97,"column":56}},"19":{"start":{"line":100,"column":25},"end":{"line":100,"column":70}},"20":{"start":{"line":101,"column":8},"end":{"line":101,"column":39}},"21":{"start":{"line":106,"column":2},"end":{"line":112,"column":4}},"22":{"start":{"line":117,"column":30},"end":{"line":135,"column":3}}},"fnMap":{"0":{"name":"CadenaIcon","decl":{"start":{"line":11,"column":9},"end":{"line":11,"column":19}},"loc":{"start":{"line":11,"column":44},"end":{"line":17,"column":1}},"line":11},"1":{"name":"PuntoRasoIcon","decl":{"start":{"line":19,"column":9},"end":{"line":19,"column":22}},"loc":{"start":{"line":19,"column":47},"end":{"line":25,"column":1}},"line":19},"2":{"name":"PuntoBajoIcon","decl":{"start":{"line":27,"column":9},"end":{"line":27,"column":22}},"loc":{"start":{"line":27,"column":47},"end":{"line":34,"column":1}},"line":27},"3":{"name":"MedioPuntoAltoIcon","decl":{"start":{"line":36,"column":9},"end":{"line":36,"column":27}},"loc":{"start":{"line":36,"column":52},"end":{"line":43,"column":1}},"line":36},"4":{"name":"PuntoAltoIcon","decl":{"start":{"line":45,"column":9},"end":{"line":45,"column":22}},"loc":{"start":{"line":45,"column":47},"end":{"line":52,"column":1}},"line":45},"5":{"name":"PuntoAltoDobleIcon","decl":{"start":{"line":54,"column":9},"end":{"line":54,"column":27}},"loc":{"start":{"line":54,"column":52},"end":{"line":62,"column":1}},"line":54},"6":{"name":"AnilloMagicoIcon","decl":{"start":{"line":64,"column":9},"end":{"line":64,"column":25}},"loc":{"start":{"line":64,"column":50},"end":{"line":72,"column":1}},"line":64},"7":{"name":"StitchWidget","decl":{"start":{"line":86,"column":24},"end":{"line":86,"column":36}},"loc":{"start":{"line":86,"column":60},"end":{"line":113,"column":1}},"line":86},"8":{"name":"(anonymous_8)","decl":{"start":{"line":88,"column":20},"end":{"line":88,"column":21}},"loc":{"start":{"line":88,"column":26},"end":{"line":88,"column":44}},"line":88},"9":{"name":"(anonymous_9)","decl":{"start":{"line":94,"column":36},"end":{"line":94,"column":37}},"loc":{"start":{"line":94,"column":42},"end":{"line":94,"column":46}},"line":94},"10":{"name":"(anonymous_10)","decl":{"start":{"line":95,"column":43},"end":{"line":95,"column":44}},"loc":{"start":{"line":95,"column":49},"end":{"line":95,"column":53}},"line":95},"11":{"name":"(anonymous_11)","decl":{"start":{"line":96,"column":27},"end":{"line":96,"column":28}},"loc":{"start":{"line":96,"column":33},"end":{"line":98,"column":7}},"line":96},"12":{"name":"(anonymous_12)","decl":{"start":{"line":99,"column":26},"end":{"line":99,"column":27}},"loc":{"start":{"line":99,"column":37},"end":{"line":102,"column":7}},"line":99},"13":{"name":"makeStyles","decl":{"start":{"line":117,"column":9},"end":{"line":117,"column":19}},"loc":{"start":{"line":117,"column":28},"end":{"line":135,"column":5}},"line":117}},"branchMap":{"0":{"loc":{"start":{"line":11,"column":22},"end":{"line":11,"column":40}},"type":"default-arg","locations":[{"start":{"line":11,"column":31},"end":{"line":11,"column":40}}],"line":11},"1":{"loc":{"start":{"line":19,"column":25},"end":{"line":19,"column":43}},"type":"default-arg","locations":[{"start":{"line":19,"column":34},"end":{"line":19,"column":43}}],"line":19},"2":{"loc":{"start":{"line":27,"column":25},"end":{"line":27,"column":43}},"type":"default-arg","locations":[{"start":{"line":27,"column":34},"end":{"line":27,"column":43}}],"line":27},"3":{"loc":{"start":{"line":36,"column":30},"end":{"line":36,"column":48}},"type":"default-arg","locations":[{"start":{"line":36,"column":39},"end":{"line":36,"column":48}}],"line":36},"4":{"loc":{"start":{"line":45,"column":25},"end":{"line":45,"column":43}},"type":"default-arg","locations":[{"start":{"line":45,"column":34},"end":{"line":45,"column":43}}],"line":45},"5":{"loc":{"start":{"line":54,"column":30},"end":{"line":54,"column":48}},"type":"default-arg","locations":[{"start":{"line":54,"column":39},"end":{"line":54,"column":48}}],"line":54},"6":{"loc":{"start":{"line":64,"column":28},"end":{"line":64,"column":46}},"type":"default-arg","locations":[{"start":{"line":64,"column":37},"end":{"line":64,"column":46}}],"line":64},"7":{"loc":{"start":{"line":89,"column":15},"end":{"line":89,"column":60}},"type":"binary-expr","locations":[{"start":{"line":89,"column":15},"end":{"line":89,"column":43}},{"start":{"line":89,"column":47},"end":{"line":89,"column":60}}],"line":89},"8":{"loc":{"start":{"line":90,"column":33},"end":{"line":90,"column":54}},"type":"binary-expr","locations":[{"start":{"line":90,"column":33},"end":{"line":90,"column":49}},{"start":{"line":90,"column":53},"end":{"line":90,"column":54}}],"line":90},"9":{"loc":{"start":{"line":97,"column":34},"end":{"line":97,"column":55}},"type":"binary-expr","locations":[{"start":{"line":97,"column":34},"end":{"line":97,"column":50}},{"start":{"line":97,"column":54},"end":{"line":97,"column":55}}],"line":97},"10":{"loc":{"start":{"line":107,"column":56},"end":{"line":107,"column":77}},"type":"binary-expr","locations":[{"start":{"line":107,"column":56},"end":{"line":107,"column":72}},{"start":{"line":107,"column":76},"end":{"line":107,"column":77}}],"line":107}},"s":{"0":2,"1":2,"2":0,"3":0,"4":3,"5":0,"6":0,"7":0,"8":0,"9":2,"10":3,"11":3,"12":1,"13":3,"14":3,"15":3,"16":0,"17":0,"18":0,"19":0,"20":0,"21":3,"22":1},"f":{"0":0,"1":0,"2":3,"3":0,"4":0,"5":0,"6":0,"7":3,"8":1,"9":0,"10":0,"11":0,"12":0,"13":1},"b":{"0":[0],"1":[0],"2":[0],"3":[0],"4":[0],"5":[0],"6":[0],"7":[3,0],"8":[3,0],"9":[0,0],"10":[3,0]},"_coverageSchema":"1a1c01bbd47fc00a2c39e90264f33305004495a9","hash":"9f915abc6bba7ddaaf0aa5f1adbdd11e00a3a1fb"}
,"C:\\Users\\Bruker\\lanalibre\\constants\\colors.js": {"path":"C:\\Users\\Bruker\\lanalibre\\constants\\colors.js","statementMap":{"0":{"start":{"line":1,"column":22},"end":{"line":53,"column":1}},"1":{"start":{"line":55,"column":26},"end":{"line":107,"column":1}},"2":{"start":{"line":109,"column":21},"end":{"line":113,"column":1}}},"fnMap":{},"branchMap":{},"s":{"0":6,"1":6,"2":6},"f":{},"b":{},"_coverageSchema":"1a1c01bbd47fc00a2c39e90264f33305004495a9","hash":"de1e694f2c1e08b402444d4a8cac5c7519d9aa3e"}
,"C:\\Users\\Bruker\\lanalibre\\constants\\legalContent.js": {"path":"C:\\Users\\Bruker\\lanalibre\\constants\\legalContent.js","statementMap":{"0":{"start":{"line":2,"column":25},"end":{"line":30,"column":82}},"1":{"start":{"line":32,"column":25},"end":{"line":60,"column":73}},"2":{"start":{"line":62,"column":25},"end":{"line":90,"column":69}},"3":{"start":{"line":92,"column":27},"end":{"line":138,"column":78}},"4":{"start":{"line":140,"column":27},"end":{"line":186,"column":63}},"5":{"start":{"line":188,"column":27},"end":{"line":234,"column":60}},"6":{"start":{"line":237,"column":12},"end":{"line":237,"column":40}},"7":{"start":{"line":238,"column":2},"end":{"line":242,"column":3}},"8":{"start":{"line":239,"column":4},"end":{"line":239,"column":44}},"9":{"start":{"line":239,"column":20},"end":{"line":239,"column":44}},"10":{"start":{"line":240,"column":4},"end":{"line":240,"column":44}},"11":{"start":{"line":240,"column":20},"end":{"line":240,"column":44}},"12":{"start":{"line":241,"column":4},"end":{"line":241,"column":28}},"13":{"start":{"line":243,"column":2},"end":{"line":243,"column":44}},"14":{"start":{"line":243,"column":18},"end":{"line":243,"column":44}},"15":{"start":{"line":244,"column":2},"end":{"line":244,"column":44}},"16":{"start":{"line":244,"column":18},"end":{"line":244,"column":44}},"17":{"start":{"line":245,"column":2},"end":{"line":245,"column":28}}},"fnMap":{"0":{"name":"getLegalContent","decl":{"start":{"line":236,"column":16},"end":{"line":236,"column":31}},"loc":{"start":{"line":236,"column":44},"end":{"line":246,"column":1}},"line":236}},"branchMap":{"0":{"loc":{"start":{"line":237,"column":13},"end":{"line":237,"column":25}},"type":"binary-expr","locations":[{"start":{"line":237,"column":13},"end":{"line":237,"column":17}},{"start":{"line":237,"column":21},"end":{"line":237,"column":25}}],"line":237},"1":{"loc":{"start":{"line":238,"column":2},"end":{"line":242,"column":3}},"type":"if","locations":[{"start":{"line":238,"column":2},"end":{"line":242,"column":3}},{"start":{},"end":{}}],"line":238},"2":{"loc":{"start":{"line":239,"column":4},"end":{"line":239,"column":44}},"type":"if","locations":[{"start":{"line":239,"column":4},"end":{"line":239,"column":44}},{"start":{},"end":{}}],"line":239},"3":{"loc":{"start":{"line":240,"column":4},"end":{"line":240,"column":44}},"type":"if","locations":[{"start":{"line":240,"column":4},"end":{"line":240,"column":44}},{"start":{},"end":{}}],"line":240},"4":{"loc":{"start":{"line":243,"column":2},"end":{"line":243,"column":44}},"type":"if","locations":[{"start":{"line":243,"column":2},"end":{"line":243,"column":44}},{"start":{},"end":{}}],"line":243},"5":{"loc":{"start":{"line":244,"column":2},"end":{"line":244,"column":44}},"type":"if","locations":[{"start":{"line":244,"column":2},"end":{"line":244,"column":44}},{"start":{},"end":{}}],"line":244}},"s":{"0":1,"1":1,"2":1,"3":1,"4":1,"5":1,"6":50,"7":50,"8":25,"9":3,"10":22,"11":18,"12":4,"13":25,"14":3,"15":22,"16":18,"17":4},"f":{"0":50},"b":{"0":[50,0],"1":[25,25],"2":[3,22],"3":[18,4],"4":[3,22],"5":[18,4]},"_coverageSchema":"1a1c01bbd47fc00a2c39e90264f33305004495a9","hash":"db29033bb5dcea7ebd118b11c605fbde8c10c5bb"}
,"C:\\Users\\Bruker\\lanalibre\\constants\\palette.js": {"path":"C:\\Users\\Bruker\\lanalibre\\constants\\palette.js","statementMap":{"0":{"start":{"line":1,"column":23},"end":{"line":109,"column":1}},"1":{"start":{"line":112,"column":12},"end":{"line":112,"column":41}},"2":{"start":{"line":113,"column":12},"end":{"line":113,"column":41}},"3":{"start":{"line":114,"column":12},"end":{"line":114,"column":41}},"4":{"start":{"line":115,"column":2},"end":{"line":115,"column":52}}},"fnMap":{"0":{"name":"isLight","decl":{"start":{"line":111,"column":16},"end":{"line":111,"column":23}},"loc":{"start":{"line":111,"column":29},"end":{"line":116,"column":1}},"line":111}},"branchMap":{},"s":{"0":2,"1":144,"2":144,"3":144,"4":144},"f":{"0":144},"b":{},"_coverageSchema":"1a1c01bbd47fc00a2c39e90264f33305004495a9","hash":"7499f3a9f05cf724a866de8813acecf85353b00e"}
,"C:\\Users\\Bruker\\lanalibre\\constants\\spacing.js": {"path":"C:\\Users\\Bruker\\lanalibre\\constants\\spacing.js","statementMap":{"0":{"start":{"line":1,"column":13},"end":{"line":1,"column":14}},"1":{"start":{"line":3,"column":23},"end":{"line":9,"column":1}}},"fnMap":{},"branchMap":{},"s":{"0":6,"1":6},"f":{},"b":{},"_coverageSchema":"1a1c01bbd47fc00a2c39e90264f33305004495a9","hash":"b3bb6ebfa300a367fd47d260adbd48fe0ac38aac"}
,"C:\\Users\\Bruker\\lanalibre\\constants\\typography.js": {"path":"C:\\Users\\Bruker\\lanalibre\\constants\\typography.js","statementMap":{"0":{"start":{"line":1,"column":21},"end":{"line":8,"column":1}},"1":{"start":{"line":10,"column":25},"end":{"line":18,"column":1}}},"fnMap":{},"branchMap":{},"s":{"0":6,"1":6},"f":{},"b":{},"_coverageSchema":"1a1c01bbd47fc00a2c39e90264f33305004495a9","hash":"834ee28845e5ad98557806c04c300e79e9a70bae"}
,"C:\\Users\\Bruker\\lanalibre\\hooks\\useProjects.js": {"path":"C:\\Users\\Bruker\\lanalibre\\hooks\\useProjects.js","statementMap":{"0":{"start":{"line":12,"column":23},"end":{"line":12,"column":47}},"1":{"start":{"line":13,"column":29},"end":{"line":13,"column":31}},"2":{"start":{"line":16,"column":2},"end":{"line":16,"column":34}},"3":{"start":{"line":16,"column":22},"end":{"line":16,"column":34}},"4":{"start":{"line":17,"column":2},"end":{"line":17,"column":80}},"5":{"start":{"line":17,"column":50},"end":{"line":17,"column":80}},"6":{"start":{"line":18,"column":2},"end":{"line":18,"column":75}},"7":{"start":{"line":18,"column":29},"end":{"line":18,"column":75}},"8":{"start":{"line":19,"column":2},"end":{"line":19,"column":33}},"9":{"start":{"line":23,"column":2},"end":{"line":23,"column":31}},"10":{"start":{"line":23,"column":18},"end":{"line":23,"column":31}},"11":{"start":{"line":24,"column":13},"end":{"line":24,"column":72}},"12":{"start":{"line":25,"column":2},"end":{"line":25,"column":52}},"13":{"start":{"line":29,"column":46},"end":{"line":29,"column":58}},"14":{"start":{"line":30,"column":48},"end":{"line":30,"column":60}},"15":{"start":{"line":31,"column":32},"end":{"line":31,"column":46}},"16":{"start":{"line":32,"column":28},"end":{"line":32,"column":42}},"17":{"start":{"line":33,"column":40},"end":{"line":33,"column":54}},"18":{"start":{"line":34,"column":32},"end":{"line":34,"column":47}},"19":{"start":{"line":36,"column":15},"end":{"line":59,"column":11}},"20":{"start":{"line":37,"column":4},"end":{"line":37,"column":21}},"21":{"start":{"line":37,"column":14},"end":{"line":37,"column":21}},"22":{"start":{"line":38,"column":4},"end":{"line":38,"column":21}},"23":{"start":{"line":39,"column":4},"end":{"line":39,"column":19}},"24":{"start":{"line":40,"column":4},"end":{"line":58,"column":5}},"25":{"start":{"line":41,"column":38},"end":{"line":44,"column":8}},"26":{"start":{"line":45,"column":6},"end":{"line":45,"column":47}},"27":{"start":{"line":46,"column":6},"end":{"line":46,"column":47}},"28":{"start":{"line":47,"column":6},"end":{"line":47,"column":39}},"29":{"start":{"line":49,"column":22},"end":{"line":49,"column":47}},"30":{"start":{"line":50,"column":19},"end":{"line":50,"column":55}},"31":{"start":{"line":50,"column":41},"end":{"line":50,"column":54}},"32":{"start":{"line":51,"column":6},"end":{"line":51,"column":31}},"33":{"start":{"line":52,"column":6},"end":{"line":52,"column":64}},"34":{"start":{"line":52,"column":43},"end":{"line":52,"column":61}},"35":{"start":{"line":54,"column":6},"end":{"line":54,"column":77}},"36":{"start":{"line":55,"column":6},"end":{"line":55,"column":28}},"37":{"start":{"line":57,"column":6},"end":{"line":57,"column":24}},"38":{"start":{"line":61,"column":2},"end":{"line":63,"column":13}},"39":{"start":{"line":62,"column":4},"end":{"line":62,"column":11}},"40":{"start":{"line":66,"column":4},"end":{"line":66,"column":33}},"41":{"start":{"line":66,"column":26},"end":{"line":66,"column":33}},"42":{"start":{"line":67,"column":4},"end":{"line":74,"column":5}},"43":{"start":{"line":68,"column":21},"end":{"line":68,"column":62}},"44":{"start":{"line":69,"column":6},"end":{"line":69,"column":65}},"45":{"start":{"line":69,"column":34},"end":{"line":69,"column":63}},"46":{"start":{"line":70,"column":6},"end":{"line":70,"column":41}},"47":{"start":{"line":71,"column":6},"end":{"line":71,"column":33}},"48":{"start":{"line":73,"column":6},"end":{"line":73,"column":28}},"49":{"start":{"line":78,"column":20},"end":{"line":78,"column":68}},"50":{"start":{"line":79,"column":4},"end":{"line":79,"column":52}},"51":{"start":{"line":79,"column":32},"end":{"line":79,"column":50}},"52":{"start":{"line":80,"column":4},"end":{"line":80,"column":19}},"53":{"start":{"line":84,"column":4},"end":{"line":84,"column":36}},"54":{"start":{"line":85,"column":4},"end":{"line":87,"column":6}},"55":{"start":{"line":86,"column":6},"end":{"line":86,"column":60}},"56":{"start":{"line":86,"column":23},"end":{"line":86,"column":58}},"57":{"start":{"line":91,"column":4},"end":{"line":91,"column":27}},"58":{"start":{"line":92,"column":20},"end":{"line":92,"column":59}},"59":{"start":{"line":92,"column":47},"end":{"line":92,"column":58}},"60":{"start":{"line":93,"column":4},"end":{"line":93,"column":65}},"61":{"start":{"line":93,"column":32},"end":{"line":93,"column":63}},"62":{"start":{"line":93,"column":51},"end":{"line":93,"column":62}},"63":{"start":{"line":94,"column":4},"end":{"line":99,"column":5}},"64":{"start":{"line":95,"column":6},"end":{"line":98,"column":9}},"65":{"start":{"line":95,"column":35},"end":{"line":98,"column":7}},"66":{"start":{"line":96,"column":49},"end":{"line":96,"column":59}},"67":{"start":{"line":103,"column":4},"end":{"line":103,"column":24}},"68":{"start":{"line":104,"column":20},"end":{"line":104,"column":60}},"69":{"start":{"line":104,"column":48},"end":{"line":104,"column":59}},"70":{"start":{"line":105,"column":4},"end":{"line":105,"column":66}},"71":{"start":{"line":105,"column":33},"end":{"line":105,"column":64}},"72":{"start":{"line":105,"column":52},"end":{"line":105,"column":63}},"73":{"start":{"line":106,"column":4},"end":{"line":108,"column":5}},"74":{"start":{"line":107,"column":6},"end":{"line":107,"column":78}},"75":{"start":{"line":107,"column":34},"end":{"line":107,"column":76}},"76":{"start":{"line":112,"column":4},"end":{"line":112,"column":27}},"77":{"start":{"line":113,"column":4},"end":{"line":113,"column":66}},"78":{"start":{"line":113,"column":33},"end":{"line":113,"column":64}},"79":{"start":{"line":113,"column":52},"end":{"line":113,"column":63}},"80":{"start":{"line":116,"column":25},"end":{"line":123,"column":22}},"81":{"start":{"line":117,"column":19},"end":{"line":117,"column":29}},"82":{"start":{"line":118,"column":4},"end":{"line":118,"column":60}},"83":{"start":{"line":119,"column":4},"end":{"line":122,"column":7}},"84":{"start":{"line":120,"column":19},"end":{"line":120,"column":50}},"85":{"start":{"line":121,"column":6},"end":{"line":121,"column":36}},"86":{"start":{"line":125,"column":2},"end":{"line":139,"column":4}}},"fnMap":{"0":{"name":"getProjectDate","decl":{"start":{"line":15,"column":9},"end":{"line":15,"column":23}},"loc":{"start":{"line":15,"column":39},"end":{"line":20,"column":1}},"line":15},"1":{"name":"isExpired","decl":{"start":{"line":22,"column":9},"end":{"line":22,"column":18}},"loc":{"start":{"line":22,"column":30},"end":{"line":26,"column":1}},"line":22},"2":{"name":"useProjects","decl":{"start":{"line":28,"column":16},"end":{"line":28,"column":27}},"loc":{"start":{"line":28,"column":33},"end":{"line":140,"column":1}},"line":28},"3":{"name":"(anonymous_3)","decl":{"start":{"line":36,"column":27},"end":{"line":36,"column":28}},"loc":{"start":{"line":36,"column":39},"end":{"line":59,"column":3}},"line":36},"4":{"name":"(anonymous_4)","decl":{"start":{"line":50,"column":34},"end":{"line":50,"column":35}},"loc":{"start":{"line":50,"column":41},"end":{"line":50,"column":54}},"line":50},"5":{"name":"(anonymous_5)","decl":{"start":{"line":52,"column":36},"end":{"line":52,"column":37}},"loc":{"start":{"line":52,"column":43},"end":{"line":52,"column":61}},"line":52},"6":{"name":"(anonymous_6)","decl":{"start":{"line":61,"column":12},"end":{"line":61,"column":13}},"loc":{"start":{"line":61,"column":18},"end":{"line":63,"column":3}},"line":61},"7":{"name":"loadMore","decl":{"start":{"line":65,"column":17},"end":{"line":65,"column":25}},"loc":{"start":{"line":65,"column":28},"end":{"line":75,"column":3}},"line":65},"8":{"name":"(anonymous_8)","decl":{"start":{"line":69,"column":24},"end":{"line":69,"column":25}},"loc":{"start":{"line":69,"column":34},"end":{"line":69,"column":63}},"line":69},"9":{"name":"createProject","decl":{"start":{"line":77,"column":17},"end":{"line":77,"column":30}},"loc":{"start":{"line":77,"column":49},"end":{"line":81,"column":3}},"line":77},"10":{"name":"(anonymous_10)","decl":{"start":{"line":79,"column":22},"end":{"line":79,"column":23}},"loc":{"start":{"line":79,"column":32},"end":{"line":79,"column":50}},"line":79},"11":{"name":"updateProject","decl":{"start":{"line":83,"column":17},"end":{"line":83,"column":30}},"loc":{"start":{"line":83,"column":41},"end":{"line":88,"column":3}},"line":83},"12":{"name":"(anonymous_12)","decl":{"start":{"line":85,"column":22},"end":{"line":85,"column":23}},"loc":{"start":{"line":86,"column":6},"end":{"line":86,"column":60}},"line":86},"13":{"name":"(anonymous_13)","decl":{"start":{"line":86,"column":15},"end":{"line":86,"column":16}},"loc":{"start":{"line":86,"column":23},"end":{"line":86,"column":58}},"line":86},"14":{"name":"softDelete","decl":{"start":{"line":90,"column":17},"end":{"line":90,"column":27}},"loc":{"start":{"line":90,"column":32},"end":{"line":100,"column":3}},"line":90},"15":{"name":"(anonymous_15)","decl":{"start":{"line":92,"column":40},"end":{"line":92,"column":41}},"loc":{"start":{"line":92,"column":47},"end":{"line":92,"column":58}},"line":92},"16":{"name":"(anonymous_16)","decl":{"start":{"line":93,"column":22},"end":{"line":93,"column":23}},"loc":{"start":{"line":93,"column":32},"end":{"line":93,"column":63}},"line":93},"17":{"name":"(anonymous_17)","decl":{"start":{"line":93,"column":44},"end":{"line":93,"column":45}},"loc":{"start":{"line":93,"column":51},"end":{"line":93,"column":62}},"line":93},"18":{"name":"(anonymous_18)","decl":{"start":{"line":95,"column":25},"end":{"line":95,"column":26}},"loc":{"start":{"line":95,"column":35},"end":{"line":98,"column":7}},"line":95},"19":{"name":"(anonymous_19)","decl":{"start":{"line":96,"column":43},"end":{"line":96,"column":44}},"loc":{"start":{"line":96,"column":49},"end":{"line":96,"column":59}},"line":96},"20":{"name":"restore","decl":{"start":{"line":102,"column":17},"end":{"line":102,"column":24}},"loc":{"start":{"line":102,"column":29},"end":{"line":109,"column":3}},"line":102},"21":{"name":"(anonymous_21)","decl":{"start":{"line":104,"column":41},"end":{"line":104,"column":42}},"loc":{"start":{"line":104,"column":48},"end":{"line":104,"column":59}},"line":104},"22":{"name":"(anonymous_22)","decl":{"start":{"line":105,"column":23},"end":{"line":105,"column":24}},"loc":{"start":{"line":105,"column":33},"end":{"line":105,"column":64}},"line":105},"23":{"name":"(anonymous_23)","decl":{"start":{"line":105,"column":45},"end":{"line":105,"column":46}},"loc":{"start":{"line":105,"column":52},"end":{"line":105,"column":63}},"line":105},"24":{"name":"(anonymous_24)","decl":{"start":{"line":107,"column":24},"end":{"line":107,"column":25}},"loc":{"start":{"line":107,"column":34},"end":{"line":107,"column":76}},"line":107},"25":{"name":"hardDelete","decl":{"start":{"line":111,"column":17},"end":{"line":111,"column":27}},"loc":{"start":{"line":111,"column":32},"end":{"line":114,"column":3}},"line":111},"26":{"name":"(anonymous_26)","decl":{"start":{"line":113,"column":23},"end":{"line":113,"column":24}},"loc":{"start":{"line":113,"column":33},"end":{"line":113,"column":64}},"line":113},"27":{"name":"(anonymous_27)","decl":{"start":{"line":113,"column":45},"end":{"line":113,"column":46}},"loc":{"start":{"line":113,"column":52},"end":{"line":113,"column":63}},"line":113},"28":{"name":"(anonymous_28)","decl":{"start":{"line":116,"column":33},"end":{"line":116,"column":34}},"loc":{"start":{"line":116,"column":39},"end":{"line":123,"column":3}},"line":116},"29":{"name":"(anonymous_29)","decl":{"start":{"line":119,"column":33},"end":{"line":119,"column":34}},"loc":{"start":{"line":119,"column":40},"end":{"line":122,"column":5}},"line":119}},"branchMap":{"0":{"loc":{"start":{"line":16,"column":2},"end":{"line":16,"column":34}},"type":"if","locations":[{"start":{"line":16,"column":2},"end":{"line":16,"column":34}},{"start":{},"end":{}}],"line":16},"1":{"loc":{"start":{"line":17,"column":2},"end":{"line":17,"column":80}},"type":"if","locations":[{"start":{"line":17,"column":2},"end":{"line":17,"column":80}},{"start":{},"end":{}}],"line":17},"2":{"loc":{"start":{"line":18,"column":2},"end":{"line":18,"column":75}},"type":"if","locations":[{"start":{"line":18,"column":2},"end":{"line":18,"column":75}},{"start":{},"end":{}}],"line":18},"3":{"loc":{"start":{"line":23,"column":2},"end":{"line":23,"column":31}},"type":"if","locations":[{"start":{"line":23,"column":2},"end":{"line":23,"column":31}},{"start":{},"end":{}}],"line":23},"4":{"loc":{"start":{"line":24,"column":13},"end":{"line":24,"column":72}},"type":"cond-expr","locations":[{"start":{"line":24,"column":32},"end":{"line":24,"column":50}},{"start":{"line":24,"column":53},"end":{"line":24,"column":72}}],"line":24},"5":{"loc":{"start":{"line":37,"column":4},"end":{"line":37,"column":21}},"type":"if","locations":[{"start":{"line":37,"column":4},"end":{"line":37,"column":21}},{"start":{},"end":{}}],"line":37},"6":{"loc":{"start":{"line":66,"column":4},"end":{"line":66,"column":33}},"type":"if","locations":[{"start":{"line":66,"column":4},"end":{"line":66,"column":33}},{"start":{},"end":{}}],"line":66},"7":{"loc":{"start":{"line":66,"column":8},"end":{"line":66,"column":24}},"type":"binary-expr","locations":[{"start":{"line":66,"column":8},"end":{"line":66,"column":16}},{"start":{"line":66,"column":20},"end":{"line":66,"column":24}}],"line":66},"8":{"loc":{"start":{"line":86,"column":23},"end":{"line":86,"column":58}},"type":"cond-expr","locations":[{"start":{"line":86,"column":37},"end":{"line":86,"column":54}},{"start":{"line":86,"column":57},"end":{"line":86,"column":58}}],"line":86},"9":{"loc":{"start":{"line":94,"column":4},"end":{"line":99,"column":5}},"type":"if","locations":[{"start":{"line":94,"column":4},"end":{"line":99,"column":5}},{"start":{},"end":{}}],"line":94},"10":{"loc":{"start":{"line":106,"column":4},"end":{"line":108,"column":5}},"type":"if","locations":[{"start":{"line":106,"column":4},"end":{"line":108,"column":5}},{"start":{},"end":{}}],"line":106},"11":{"loc":{"start":{"line":121,"column":13},"end":{"line":121,"column":35}},"type":"binary-expr","locations":[{"start":{"line":121,"column":13},"end":{"line":121,"column":17}},{"start":{"line":121,"column":21},"end":{"line":121,"column":35}}],"line":121}},"s":{"0":1,"1":1,"2":5,"3":0,"4":5,"5":0,"6":5,"7":0,"8":5,"9":0,"10":0,"11":0,"12":0,"13":13,"14":13,"15":13,"16":13,"17":13,"18":13,"19":13,"20":4,"21":0,"22":4,"23":4,"24":4,"25":4,"26":4,"27":4,"28":4,"29":4,"30":4,"31":0,"32":4,"33":4,"34":0,"35":0,"36":0,"37":4,"38":13,"39":4,"40":0,"41":0,"42":0,"43":0,"44":0,"45":0,"46":0,"47":0,"48":0,"49":0,"50":0,"51":0,"52":0,"53":0,"54":0,"55":0,"56":0,"57":3,"58":3,"59":3,"60":3,"61":3,"62":3,"63":3,"64":3,"65":3,"66":0,"67":1,"68":1,"69":1,"70":1,"71":1,"72":1,"73":1,"74":1,"75":1,"76":1,"77":1,"78":1,"79":1,"80":13,"81":12,"82":12,"83":12,"84":5,"85":5,"86":13},"f":{"0":5,"1":0,"2":13,"3":4,"4":0,"5":0,"6":4,"7":0,"8":0,"9":0,"10":0,"11":0,"12":0,"13":0,"14":3,"15":3,"16":3,"17":3,"18":3,"19":0,"20":1,"21":1,"22":1,"23":1,"24":1,"25":1,"26":1,"27":1,"28":12,"29":5},"b":{"0":[0,5],"1":[0,5],"2":[0,5],"3":[0,0],"4":[0,0],"5":[0,4],"6":[0,0],"7":[0,0],"8":[0,0],"9":[3,0],"10":[1,0],"11":[5,5]},"_coverageSchema":"1a1c01bbd47fc00a2c39e90264f33305004495a9","hash":"30bf73148c6487e5afccf69d33f7da1d8b2d0f81"}
,"C:\\Users\\Bruker\\lanalibre\\i18n\\index.js": {"path":"C:\\Users\\Bruker\\lanalibre\\i18n\\index.js","statementMap":{"0":{"start":{"line":8,"column":18},"end":{"line":8,"column":36}},"1":{"start":{"line":9,"column":19},"end":{"line":9,"column":56}},"2":{"start":{"line":10,"column":12},"end":{"line":10,"column":62}},"3":{"start":{"line":12,"column":0},"end":{"line":21,"column":3}}},"fnMap":{},"branchMap":{"0":{"loc":{"start":{"line":9,"column":19},"end":{"line":9,"column":56}},"type":"binary-expr","locations":[{"start":{"line":9,"column":19},"end":{"line":9,"column":48}},{"start":{"line":9,"column":52},"end":{"line":9,"column":56}}],"line":9},"1":{"loc":{"start":{"line":10,"column":12},"end":{"line":10,"column":62}},"type":"cond-expr","locations":[{"start":{"line":10,"column":45},"end":{"line":10,"column":55}},{"start":{"line":10,"column":58},"end":{"line":10,"column":62}}],"line":10}},"s":{"0":7,"1":7,"2":7,"3":7},"f":{},"b":{"0":[7,0],"1":[7,0]},"_coverageSchema":"1a1c01bbd47fc00a2c39e90264f33305004495a9","hash":"f192b6356eb8b72a4468cd1626f2dbf50a8c5ddc"}
,"C:\\Users\\Bruker\\lanalibre\\screens\\EntradaDiarioScreen.js": {"path":"C:\\Users\\Bruker\\lanalibre\\screens\\EntradaDiarioScreen.js","statementMap":{"0":{"start":{"line":54,"column":2},"end":{"line":54,"column":67}},"1":{"start":{"line":58,"column":2},"end":{"line":58,"column":116}},"2":{"start":{"line":62,"column":2},"end":{"line":62,"column":74}},"3":{"start":{"line":62,"column":31},"end":{"line":62,"column":74}},"4":{"start":{"line":63,"column":16},"end":{"line":63,"column":65}},"5":{"start":{"line":64,"column":2},"end":{"line":64,"column":88}},"6":{"start":{"line":67,"column":13},"end":{"line":67,"column":15}},"7":{"start":{"line":72,"column":2},"end":{"line":72,"column":37}},"8":{"start":{"line":72,"column":25},"end":{"line":72,"column":37}},"9":{"start":{"line":73,"column":17},"end":{"line":73,"column":19}},"10":{"start":{"line":74,"column":17},"end":{"line":74,"column":19}},"11":{"start":{"line":75,"column":2},"end":{"line":77,"column":3}},"12":{"start":{"line":75,"column":15},"end":{"line":75,"column":16}},"13":{"start":{"line":76,"column":4},"end":{"line":76,"column":107}},"14":{"start":{"line":78,"column":2},"end":{"line":80,"column":3}},"15":{"start":{"line":78,"column":15},"end":{"line":78,"column":16}},"16":{"start":{"line":79,"column":4},"end":{"line":79,"column":108}},"17":{"start":{"line":81,"column":2},"end":{"line":86,"column":4}},"18":{"start":{"line":92,"column":2},"end":{"line":92,"column":98}},"19":{"start":{"line":92,"column":27},"end":{"line":92,"column":86}},"20":{"start":{"line":96,"column":2},"end":{"line":96,"column":37}},"21":{"start":{"line":96,"column":25},"end":{"line":96,"column":37}},"22":{"start":{"line":97,"column":16},"end":{"line":97,"column":41}},"23":{"start":{"line":98,"column":19},"end":{"line":98,"column":35}},"24":{"start":{"line":99,"column":21},"end":{"line":99,"column":43}},"25":{"start":{"line":100,"column":18},"end":{"line":100,"column":42}},"26":{"start":{"line":101,"column":2},"end":{"line":101,"column":56}},"27":{"start":{"line":101,"column":44},"end":{"line":101,"column":56}},"28":{"start":{"line":103,"column":2},"end":{"line":141,"column":4}},"29":{"start":{"line":106,"column":27},"end":{"line":106,"column":53}},"30":{"start":{"line":107,"column":8},"end":{"line":117,"column":10}},"31":{"start":{"line":120,"column":8},"end":{"line":128,"column":10}},"32":{"start":{"line":147,"column":14},"end":{"line":147,"column":82}},"33":{"start":{"line":150,"column":23},"end":{"line":150,"column":40}},"34":{"start":{"line":151,"column":2},"end":{"line":151,"column":35}},"35":{"start":{"line":152,"column":24},"end":{"line":152,"column":42}},"36":{"start":{"line":153,"column":2},"end":{"line":153,"column":37}},"37":{"start":{"line":157,"column":2},"end":{"line":159,"column":29}},"38":{"start":{"line":158,"column":4},"end":{"line":158,"column":49}},"39":{"start":{"line":161,"column":23},"end":{"line":189,"column":11}},"40":{"start":{"line":165,"column":49},"end":{"line":165,"column":70}},"41":{"start":{"line":166,"column":42},"end":{"line":166,"column":63}},"42":{"start":{"line":168,"column":8},"end":{"line":170,"column":46}},"43":{"start":{"line":172,"column":8},"end":{"line":172,"column":60}},"44":{"start":{"line":173,"column":8},"end":{"line":173,"column":37}},"45":{"start":{"line":176,"column":8},"end":{"line":178,"column":9}},"46":{"start":{"line":177,"column":10},"end":{"line":177,"column":96}},"47":{"start":{"line":181,"column":8},"end":{"line":186,"column":9}},"48":{"start":{"line":182,"column":10},"end":{"line":182,"column":74}},"49":{"start":{"line":182,"column":54},"end":{"line":182,"column":74}},"50":{"start":{"line":184,"column":10},"end":{"line":184,"column":30}},"51":{"start":{"line":185,"column":10},"end":{"line":185,"column":67}},"52":{"start":{"line":192,"column":4},"end":{"line":202,"column":20}},"53":{"start":{"line":207,"column":2},"end":{"line":213,"column":3}},"54":{"start":{"line":208,"column":4},"end":{"line":212,"column":6}},"55":{"start":{"line":214,"column":2},"end":{"line":214,"column":15}},"56":{"start":{"line":220,"column":2},"end":{"line":232,"column":4}},"57":{"start":{"line":237,"column":16},"end":{"line":237,"column":69}},"58":{"start":{"line":240,"column":2},"end":{"line":240,"column":46}},"59":{"start":{"line":240,"column":22},"end":{"line":240,"column":46}},"60":{"start":{"line":241,"column":2},"end":{"line":241,"column":30}},"61":{"start":{"line":241,"column":12},"end":{"line":241,"column":30}},"62":{"start":{"line":242,"column":2},"end":{"line":242,"column":41}},"63":{"start":{"line":242,"column":14},"end":{"line":242,"column":41}},"64":{"start":{"line":243,"column":2},"end":{"line":243,"column":23}},"65":{"start":{"line":251,"column":28},"end":{"line":251,"column":38}},"66":{"start":{"line":252,"column":17},"end":{"line":252,"column":35}},"67":{"start":{"line":253,"column"
[...]
},"18":{"name":"(anonymous_18)","decl":{"start":{"line":146,"column":23},"end":{"line":146,"column":24}},"loc":{"start":{"line":146,"column":31},"end":{"line":146,"column":56}},"line":146},"19":{"name":"getDiario","decl":{"start":{"line":149,"column":22},"end":{"line":149,"column":31}},"loc":{"start":{"line":149,"column":42},"end":{"line":152,"column":1}},"line":149},"20":{"name":"updateDiario","decl":{"start":{"line":154,"column":22},"end":{"line":154,"column":34}},"loc":{"start":{"line":154,"column":51},"end":{"line":156,"column":1}},"line":154},"21":{"name":"deleteDiario","decl":{"start":{"line":158,"column":22},"end":{"line":158,"column":34}},"loc":{"start":{"line":158,"column":45},"end":{"line":160,"column":1}},"line":158},"22":{"name":"getDiarioByProyecto","decl":{"start":{"line":162,"column":22},"end":{"line":162,"column":41}},"loc":{"start":{"line":162,"column":59},"end":{"line":167,"column":1}},"line":162},"23":{"name":"getDiariosByProyecto","decl":{"start":{"line":169,"column":22},"end":{"line":169,"column":42}},"loc":{"start":{"line":169,"column":60},"end":{"line":176,"column":1}},"line":169},"24":{"name":"(anonymous_24)","decl":{"start":{"line":174,"column":9},"end":{"line":174,"column":10}},"loc":{"start":{"line":174,"column":17},"end":{"line":174,"column":42}},"line":174},"25":{"name":"(anonymous_25)","decl":{"start":{"line":175,"column":10},"end":{"line":175,"column":11}},"loc":{"start":{"line":175,"column":20},"end":{"line":175,"column":95}},"line":175},"26":{"name":"addArchivoProyecto","decl":{"start":{"line":180,"column":22},"end":{"line":180,"column":40}},"loc":{"start":{"line":180,"column":87},"end":{"line":189,"column":1}},"line":180},"27":{"name":"getArchivosProyecto","decl":{"start":{"line":191,"column":22},"end":{"line":191,"column":41}},"loc":{"start":{"line":191,"column":53},"end":{"line":198,"column":1}},"line":191},"28":{"name":"(anonymous_28)","decl":{"start":{"line":196,"column":9},"end":{"line":196,"column":10}},"loc":{"start":{"line":196,"column":17},"end":{"line":196,"column":42}},"line":196},"29":{"name":"(anonymous_29)","decl":{"start":{"line":197,"column":10},"end":{"line":197,"column":11}},"loc":{"start":{"line":197,"column":20},"end":{"line":197,"column":91}},"line":197},"30":{"name":"deleteArchivoProyecto","decl":{"start":{"line":200,"column":22},"end":{"line":200,"column":43}},"loc":{"start":{"line":200,"column":66},"end":{"line":202,"column":1}},"line":200},"31":{"name":"addEntradaColor","decl":{"start":{"line":206,"column":22},"end":{"line":206,"column":37}},"loc":{"start":{"line":206,"column":70},"end":{"line":209,"column":1}},"line":206},"32":{"name":"getColores","decl":{"start":{"line":211,"column":22},"end":{"line":211,"column":32}},"loc":{"start":{"line":211,"column":43},"end":{"line":214,"column":1}},"line":211},"33":{"name":"(anonymous_33)","decl":{"start":{"line":213,"column":23},"end":{"line":213,"column":24}},"loc":{"start":{"line":213,"column":31},"end":{"line":213,"column":56}},"line":213},"34":{"name":"deleteEntradaColor","decl":{"start":{"line":216,"column":22},"end":{"line":216,"column":40}},"loc":{"start":{"line":216,"column":60},"end":{"line":218,"column":1}},"line":216},"35":{"name":"addArchivoPatron","decl":{"start":{"line":222,"column":22},"end":{"line":222,"column":38}},"loc":{"start":{"line":222,"column":78},"end":{"line":229,"column":1}},"line":222},"36":{"name":"getArchivosPatron","decl":{"start":{"line":231,"column":22},"end":{"line":231,"column":39}},"loc":{"start":{"line":231,"column":50},"end":{"line":234,"column":1}},"line":231},"37":{"name":"(anonymous_37)","decl":{"start":{"line":233,"column":23},"end":{"line":233,"column":24}},"loc":{"start":{"line":233,"column":31},"end":{"line":233,"column":56}},"line":233},"38":{"name":"addArchivoInspiracion","decl":{"start":{"line":236,"column":22},"end":{"line":236,"column":43}},"loc":{"start":{"line":236,"column":83},"end":{"line":243,"column":1}},"line":236},"39":{"name":"getArchivosInspiracion","decl":{"start":{"line":245,"column":22},"end":{"line":245,"column":44}},"loc":{"start":{"line":245,"column":55},"end":{"line":248,"column":1}},"line":245},"40":{"name":"(anonymous_40)","decl":{"start":{"line":247,"column":23},"end":{"line":247,"column":24}},"loc":{"start":{"line":247,"column":31},"end":{"line":247,"column":56}},"line":247},"41":{"name":"deleteArchivoRef","decl":{"start":{"line":250,"column":22},"end":{"line":250,"column":38}},"loc":{"start":{"line":250,"column":75},"end":{"line":252,"column":1}},"line":250},"42":{"name":"createEntrada","decl":{"start":{"line":256,"column":22},"end":{"line":256,"column":35}},"loc":{"start":{"line":256,"column":54},"end":{"line":264,"column":1}},"line":256},"43":{"name":"getEntradas","decl":{"start":{"line":266,"column":22},"end":{"line":266,"column":33}},"loc":{"start":{"line":266,"column":44},"end":{"line":271,"column":1}},"line":266},"44":{"name":"(anonymous_44)","decl":{"start":{"line":270,"column":23},"end":{"line":270,"column":24}},"loc":{"start":{"line":270,"column":31},"end":{"line":270,"column":56}},"line":270},"45":{"name":"getEntrada","decl":{"start":{"line":273,"column":22},"end":{"line":273,"column":32}},"loc":{"start":{"line":273,"column":54},"end":{"line":276,"column":1}},"line":273},"46":{"name":"updateEntrada","decl":{"start":{"line":278,"column":22},"end":{"line":278,"column":35}},"loc":{"start":{"line":278,"column":63},"end":{"line":283,"column":1}},"line":278},"47":{"name":"deleteEntrada","decl":{"start":{"line":285,"column":22},"end":{"line":285,"column":35}},"loc":{"start":{"line":285,"column":57},"end":{"line":287,"column":1}},"line":285},"48":{"name":"updateUserDocument","decl":{"start":{"line":291,"column":22},"end":{"line":291,"column":40}},"loc":{"start":{"line":291,"column":52},"end":{"line":293,"column":1}},"line":291},"49":{"name":"saveUserSettings","decl":{"start":{"line":295,"column":22},"end":{"line":295,"column":38}},"loc":{"start":{"line":295,"column":54},"end":{"line":297,"column":1}},"line":295},"50":{"name":"getAllUserProjects","decl":{"start":{"line":299,"column":22},"end":{"line":299,"column":40}},"loc":{"start":{"line":299,"column":46},"end":{"line":304,"column":1}},"line":299},"51":{"name":"(anonymous_51)","decl":{"start":{"line":303,"column":23},"end":{"line":303,"column":24}},"loc":{"start":{"line":303,"column":31},"end":{"line":303,"column":56}},"line":303},"52":{"name":"getAllUserDiarios","decl":{"start":{"line":306,"column":22},"end":{"line":306,"column":39}},"loc":{"start":{"line":306,"column":45},"end":{"line":311,"column":1}},"line":306},"53":{"name":"(anonymous_53)","decl":{"start":{"line":310,"column":23},"end":{"line":310,"column":24}},"loc":{"start":{"line":310,"column":31},"end":{"line":310,"column":56}},"line":310}},"branchMap":{"0":{"loc":{"start":{"line":22,"column":46},"end":{"line":22,"column":85}},"type":"default-arg","locations":[{"start":{"line":22,"column":83},"end":{"line":22,"column":85}}],"line":22},"1":{"loc":{"start":{"line":22,"column":48},"end":{"line":22,"column":59}},"type":"default-arg","locations":[{"start":{"line":22,"column":57},"end":{"line":22,"column":59}}],"line":22},"2":{"loc":{"start":{"line":22,"column":61},"end":{"line":22,"column":78}},"type":"default-arg","locations":[{"start":{"line":22,"column":74},"end":{"line":22,"column":78}}],"line":22},"3":{"loc":{"start":{"line":25,"column":2},"end":{"line":27,"column":3}},"type":"if","locations":[{"start":{"line":25,"column":2},"end":{"line":27,"column":3}},{"start":{},"end":{}}],"line":25},"4":{"loc":{"start":{"line":32,"column":9},"end":{"line":32,"column":43}},"type":"cond-expr","locations":[{"start":{"line":32,"column":25},"end":{"line":32,"column":36}},{"start":{"line":32,"column":39},"end":{"line":32,"column":43}}],"line":32},"5":{"loc":{"start":{"line":37,"column":61},"end":{"line":37,"column":77}},"type":"default-arg","locations":[{"start":{"line":37,"column":75},"end":{"line":37,"column":77}}],"line":37},"6":{"loc":{"start":{"line":49,"column":45},"end":{"line":49,"column":63}},"type":"default-arg","locations":[{"start":{"line":49,"column":59},"end":{"line":49,"column":63}}],"line":49},"7":{"loc":{"start":{"line":56,"column":2},"end":{"line":56,"column":61}},"type":"if","locations":[{"start":{"line":56,"column":2},"end":{"line":56,"column":61}},{"start":{},"end":{}}],"line":56},"8":{"loc":{"start":{"line":60,"column":20},"end":{"line":60,"column":59}},"type":"binary-expr","locations":[{"start":{"line":60,"column":20},"end":{"line":60,"column":51}},{"start":{"line":60,"column":55},"end":{"line":60,"column":59}}],"line":60},"9":{"loc":{"start":{"line":82,"column":9},"end":{"line":82,"column":63}},"type":"cond-expr","locations":[{"start":{"line":82,"column":25},"end":{"line":82,"column":56}},{"start":{"line":82,"column":59},"end":{"line":82,"column":63}}],"line":82},"10":{"loc":{"start":{"line":110,"column":9},"end":{"line":110,"column":74}},"type":"cond-expr","locations":[{"start":{"line":110,"column":26},"end":{"line":110,"column":66}},{"start":{"line":110,"column":70},"end":{"line":110,"column":74}}],"line":110},"11":{"loc":{"start":{"line":110,"column":26},"end":{"line":110,"column":66}},"type":"binary-expr","locations":[{"start":{"line":110,"column":26},"end":{"line":110,"column":58}},{"start":{"line":110,"column":62},"end":{"line":110,"column":66}}],"line":110},"12":{"loc":{"start":{"line":122,"column":9},"end":{"line":122,"column":79}},"type":"cond-expr","locations":[{"start":{"line":122,"column":26},"end":{"line":122,"column":71}},{"start":{"line":122,"column":75},"end":{"line":122,"column":79}}],"line":122},"13":{"loc":{"start":{"line":122,"column":26},"end":{"line":122,"column":71}},"type":"binary-expr","locations":[{"start":{"line":122,"column":26},"end":{"line":122,"column":63}},{"start":{"line":122,"column":67},"end":{"line":122,"column":71}}],"line":122},"14":{"loc":{"start":{"line":127,"column":48},"end":{"line":127,"column":65}},"type":"default-arg","locations":[{"start":{"line":127,"column":61},"end":{"line":127,"column":65}}],"line":127},"15":{"loc":{"start":{"line":127,"column":67},"end":{"line":127,"column":88}},"type":"default-arg","locations":[{"start":{"line":127,"column":84},"end":{"line":127,"column":88}}],"line":127},"16":{"loc":{"start":{"line":151,"column":9},"end":{"line":151,"column":63}},"type":"cond-expr","locations":[{"start":{"line":151,"column":25},"end":{"line":151,"column":56}},{"start":{"line":151,"column":59},"end":{"line":151,"column":63}}],"line":151},"17":{"loc":{"start":{"line":166,"column":9},"end":{"line":166,"column":86}},"type":"cond-expr","locations":[{"start":{"line":166,"column":32},"end":{"line":166,"column":79}},{"start":{"line":166,"column":82},"end":{"line":166,"column":86}}],"line":166},"18":{"loc":{"start":{"line":175,"column":21},"end":{"line":175,"column":55}},"type":"binary-expr","locations":[{"start":{"line":175,"column":21},"end":{"line":175,"column":50}},{"start":{"line":175,"column":54},"end":{"line":175,"column":55}}],"line":175},"19":{"loc":{"start":{"line":175,"column":60},"end":{"line":175,"column":94}},"type":"binary-expr","locations":[{"start":{"line":175,"column":60},"end":{"line":175,"column":89}},{"start":{"line":175,"column":93},"end":{"line":175,"column":94}}],"line":175},"20":{"loc":{"start":{"line":197,"column":21},"end":{"line":197,"column":53}},"type":"binary-expr","locations":[{"start":{"line":197,"column":21},"end":{"line":197,"column":48}},{"start":{"line":197,"column":52},"end":{"line":197,"column":53}}],"line":197},"21":{"loc":{"start":{"line":197,"column":58},"end":{"line":197,"column":90}},"type":"binary-expr","locations":[{"start":{"line":197,"column":58},"end":{"line":197,"column":85}},{"start":{"line":197,"column":89},"end":{"line":197,"column":90}}],"line":197},"22":{"loc":{"start":{"line":275,"column":9},"end":{"line":275,"column":63}},"type":"cond-expr","locations":[{"start":{"line":275,"column":25},"end":{"line":275,"column":56}},{"start":{"line":275,"column":59},"end":{"line":275,"column":63}}],"line":275}},"s":{"0":3,"1":2,"2":2,"3":2,"4":1,"5":0,"6":0,"7":3,"8":2,"9":2,"10":2,"11":2,"12":0,"13":2,"14":2,"15":2,"16":0,"17":2,"18":2,"19":0,"20":0,"21":2,"22":2,"23":0,"24":0,"25":0,"26":0,"27":1,"28":1,"29":1,"30":2,"31":3,"32":3,"33":0,"34":0,"35":0,"36":0,"37":0,"38":0,"39":0,"40":0,"41":0,"42":0,"43":0,"44":0,"45":0,"46":0,"47":0,"48":0,"49":0,"50":0,"51":0,"52":0,"53":0,"54":0,"55":0,"56":0,"57":0,"58":0,"59":0,"60":0,"61":0,"62":0,"63":0,"64":0,"65":0,"66":0,"67":0,"68":0,"69":0,"70":0,"71":0,"72":0,"73":0,"74":0,"75":0,"76":0,"77":0,"78":0,"79":0,"80":0,"81":0,"82":0,"83":0,"84":0,"85":0,"86":0,"87":0,"88":0,"89":0,"90":0,"91":0},"f":{"0":2,"1":0,"2":2,"3":2,"4":0,"5":2,"6":0,"7":0,"8":0,"9":1,"10":1,"11":1,"12":2,"13":3,"14":0,"15":0,"16":0,"17":0,"18":0,"19":0,"20":0,"21":0,"22":0,"23":0,"24":0,"25":0,"26":0,"27":0,"28":0,"29":0,"30":0,"31":0,"32":0,"33":0,"34":0,"35":0,"36":0,"37":0,"38":0,"39":0,"40":0,"41":0,"42":0,"43":0,"44":0,"45":0,"46":0,"47":0,"48":0,"49":0,"50":0,"51":0,"52":0,"53":0},"b":{"0":[0],"1":[0],"2":[1],"3":[1,1],"4":[0,0],"5":[2],"6":[2],"7":[0,2],"8":[2,2],"9":[0,0],"10":[3,0],"11":[3,1],"12":[0,0],"13":[0,0],"14":[0],"15":[0],"16":[0,0],"17":[0,0],"18":[0,0],"19":[0,0],"20":[0,0],"21":[0,0],"22":[0,0]},"_coverageSchema":"1a1c01bbd47fc00a2c39e90264f33305004495a9","hash":"dd34fe3cfc62839279ee988ed86b68bbb00118b9"}
,"C:\\Users\\Bruker\\lanalibre\\services\\previsualización.js": {"path":"C:\\Users\\Bruker\\lanalibre\\services\\previsualización.js","statementMap":{"0":{"start":{"line":1,"column":32},"end":{"line":1,"column":34}},"1":{"start":{"line":2,"column":25},"end":{"line":2,"column":26}},"2":{"start":{"line":3,"column":17},"end":{"line":3,"column":19}},"3":{"start":{"line":5,"column":30},"end":{"line":5,"column":66}},"4":{"start":{"line":7,"column":30},"end":{"line":11,"column":1}},"5":{"start":{"line":13,"column":36},"end":{"line":18,"column":1}},"6":{"start":{"line":27,"column":17},"end":{"line":27,"column":19}},"7":{"start":{"line":29,"column":13},"end":{"line":29,"column":29}},"8":{"start":{"line":30,"column":13},"end":{"line":30,"column":29}},"9":{"start":{"line":31,"column":2},"end":{"line":31,"column":56}},"10":{"start":{"line":31,"column":37},"end":{"line":31,"column":56}},"11":{"start":{"line":32,"column":2},"end":{"line":32,"column":56}},"12":{"start":{"line":32,"column":37},"end":{"line":32,"column":56}},"13":{"start":{"line":34,"column":2},"end":{"line":34,"column":83}},"14":{"start":{"line":34,"column":61},"end":{"line":34,"column":83}},"15":{"start":{"line":36,"column":2},"end":{"line":38,"column":3}},"16":{"start":{"line":37,"column":4},"end":{"line":37,"column":30}},"17":{"start":{"line":40,"column":2},"end":{"line":44,"column":3}},"18":{"start":{"line":41,"column":16},"end":{"line":41,"column":39}},"19":{"start":{"line":42,"column":4},"end":{"line":42,"column":24}},"20":{"start":{"line":43,"column":4},"end":{"line":43,"column":14}},"21":{"start":{"line":46,"column":19},"end":{"line":46,"column":97}},"22":{"start":{"line":47,"column":17},"end":{"line":47,"column":56}},"23":{"start":{"line":48,"column":15},"end":{"line":48,"column":71}},"24":{"start":{"line":49,"column":15},"end":{"line":49,"column":71}},"25":{"start":{"line":51,"column":2},"end":{"line":59,"column":4}}},"fnMap":{"0":{"name":"buildCanvasParams","decl":{"start":{"line":26,"column":16},"end":{"line":26,"column":33}},"loc":{"start":{"line":26,"column":88},"end":{"line":60,"column":1}},"line":26}},"branchMap":{"0":{"loc":{"start":{"line":26,"column":70},"end":{"line":26,"column":84}},"type":"default-arg","locations":[{"start":{"line":26,"column":83},"end":{"line":26,"column":84}}],"line":26},"1":{"loc":{"start":{"line":31,"column":2},"end":{"line":31,"column":56}},"type":"if","locations":[{"start":{"line":31,"column":2},"end":{"line":31,"column":56}},{"start":{},"end":{}}],"line":31},"2":{"loc":{"start":{"line":31,"column":6},"end":{"line":31,"column":35}},"type":"binary-expr","locations":[{"start":{"line":31,"column":6},"end":{"line":31,"column":11}},{"start":{"line":31,"column":15},"end":{"line":31,"column":24}},{"start":{"line":31,"column":28},"end":{"line":31,"column":35}}],"line":31},"3":{"loc":{"start":{"line":32,"column":2},"end":{"line":32,"column":56}},"type":"if","locations":[{"start":{"line":32,"column":2},"end":{"line":32,"column":56}},{"start":{},"end":{}}],"line":32},"4":{"loc":{"start":{"line":32,"column":6},"end":{"line":32,"column":35}},"type":"binary-expr","locations":[{"start":{"line":32,"column":6},"end":{"line":32,"column":11}},{"start":{"line":32,"column":15},"end":{"line":32,"column":24}},{"start":{"line":32,"column":28},"end":{"line":32,"column":35}}],"line":32},"5":{"loc":{"start":{"line":34,"column":2},"end":{"line":34,"column":83}},"type":"if","locations":[{"start":{"line":34,"column":2},"end":{"line":34,"column":83}},{"start":{},"end":{}}],"line":34},"6":{"loc":{"start":{"line":34,"column":6},"end":{"line":34,"column":59}},"type":"binary-expr","locations":[{"start":{"line":34,"column":6},"end":{"line":34,"column":14}},{"start":{"line":34,"column":18},"end":{"line":34,"column":36}},{"start":{"line":34,"column":40},"end":{"line":34,"column":59}}],"line":34},"7":{"loc":{"start":{"line":36,"column":2},"end":{"line":38,"column":3}},"type":"if","locations":[{"start":{"line":36,"column":2},"end":{"line":38,"column":3}},{"start":{},"end":{}}],"line":36},"8":{"loc":{"start":{"line":36,"column":6},"end":{"line":36,"column":74}},"type":"binary-expr","locations":[{"start":{"line":36,"column":6},"end":{"line":36,"column":18}},{"start":{"line":36,"column":22},"end":{"line":36,"column":74}}],"line":36},"9":{"loc":{"start":{"line":40,"column":2},"end":{"line":44,"column":3}},"type":"if","locations":[{"start":{"line":40,"column":2},"end":{"line":44,"column":3}},{"start":{},"end":{}}],"line":40},"10":{"loc":{"start":{"line":46,"column":19},"end":{"line":46,"column":97}},"type":"binary-expr","locations":[{"start":{"line":46,"column":19},"end":{"line":46,"column":56}},{"start":{"line":46,"column":60},"end":{"line":46,"column":97}}],"line":46},"11":{"loc":{"start":{"line":47,"column":17},"end":{"line":47,"column":56}},"type":"cond-expr","locations":[{"start":{"line":47,"column":28},"end":{"line":47,"column":37}},{"start":{"line":47,"column":40},"end":{"line":47,"column":56}}],"line":47}},"s":{"0":1,"1":1,"2":1,"3":1,"4":1,"5":1,"6":17,"7":17,"8":17,"9":17,"10":4,"11":17,"12":2,"13":17,"14":4,"15":17,"16":2,"17":17,"18":11,"19":11,"20":11,"21":6,"22":6,"23":6,"24":6,"25":6},"f":{"0":17},"b":{"0":[16],"1":[4,13],"2":[17,15,14],"3":[2,15],"4":[17,17,17],"5":[4,13],"6":[17,17,14],"7":[2,15],"8":[17,17],"9":[11,6],"10":[6,4],"11":[4,2]},"_coverageSchema":"1a1c01bbd47fc00a2c39e90264f33305004495a9","hash":"6737636d025b822b541521689b2609ce4532c86d"}
,"C:\\Users\\Bruker\\lanalibre\\utils\\dates.js": {"path":"C:\\Users\\Bruker\\lanalibre\\utils\\dates.js","statementMap":{"0":{"start":{"line":2,"column":2},"end":{"line":2,"column":21}},"1":{"start":{"line":2,"column":11},"end":{"line":2,"column":21}},"2":{"start":{"line":3,"column":12},"end":{"line":3,"column":50}},"3":{"start":{"line":4,"column":2},"end":{"line":4,"column":94}}},"fnMap":{"0":{"name":"formatShortDate","decl":{"start":{"line":1,"column":16},"end":{"line":1,"column":31}},"loc":{"start":{"line":1,"column":36},"end":{"line":5,"column":1}},"line":1}},"branchMap":{"0":{"loc":{"start":{"line":2,"column":2},"end":{"line":2,"column":21}},"type":"if","locations":[{"start":{"line":2,"column":2},"end":{"line":2,"column":21}},{"start":{},"end":{}}],"line":2},"1":{"loc":{"start":{"line":3,"column":12},"end":{"line":3,"column":50}},"type":"cond-expr","locations":[{"start":{"line":3,"column":24},"end":{"line":3,"column":35}},{"start":{"line":3,"column":38},"end":{"line":3,"column":50}}],"line":3}},"s":{"0":27,"1":26,"2":1,"3":1},"f":{"0":27},"b":{"0":[26,1],"1":[0,1]},"_coverageSchema":"1a1c01bbd47fc00a2c39e90264f33305004495a9","hash":"a469c11f44f0ebc1e5bb91b217b83703512d9370"}
}
