TN:
SF:components\ConfirmationModal.js
FN:8,ConfirmationModal
FN:19,(anonymous_1)
FN:42,makeStyles
FNF:3
FNH:3
FNDA:127,ConfirmationModal
FNDA:38,(anonymous_1)
FNDA:38,makeStyles
DA:18,127
DA:19,127
DA:20,127
DA:42,38
LF:4
LH:4
BRDA:16,0,0,58
BRDA:25,1,0,127
BRDA:25,1,1,94
BRDA:27,2,0,127
BRDA:27,2,1,58
BRF:5
BRH:5
end_of_record
TN:
SF:components\DocViewerModal.js
FN:9,renderContent
FN:10,(anonymous_1)
FN:25,DocViewerModal
FN:27,(anonymous_3)
FN:55,makeStyles
FNF:5
FNH:5
FNDA:50,renderContent
FNDA:1900,(anonymous_1)
FNDA:50,DocViewerModal
FNDA:18,(anonymous_3)
FNDA:18,makeStyles
DA:10,50
DA:11,1900
DA:12,1850
DA:13,0
DA:15,1850
DA:16,0
DA:18,1850
DA:19,50
DA:21,1800
DA:26,50
DA:27,50
DA:29,50
DA:55,18
LF:13
LH:11
BRDA:11,0,0,50
BRDA:11,0,1,1850
BRDA:12,1,0,0
BRDA:12,1,1,1850
BRDA:15,2,0,0
BRDA:15,2,1,1850
BRDA:18,3,0,50
BRDA:18,3,1,1800
BRDA:48,4,0,50
BRDA:48,4,1,50
BRF:10
BRH:8
end_of_record
TN:
SF:components\LazyImage.js
FN:5,LazyImage
FN:18,(anonymous_1)
FNF:2
FNH:1
FNDA:3,LazyImage
FNDA:0,(anonymous_1)
DA:6,3
DA:7,3
DA:18,0
LF:3
LH:2
BRDA:9,0,0,3
BRDA:9,0,1,3
BRDA:17,1,0,3
BRDA:17,1,1,3
BRF:4
BRH:4
end_of_record
TN:
SF:components\LoadingOverlay.js
FN:5,LoadingOverlay
FNF:1
FNH:1
FNDA:69,LoadingOverlay
DA:6,69
DA:7,69
DA:16,4
LF:3
LH:3
BRF:0
BRH:0
end_of_record
TN:
SF:components\PreviewCanvas.js
FN:7,rotateArray
FN:14,getSquareColors
FN:18,(anonymous_2)
FN:21,computeGrid
FN:32,PreviewCanvas
FN:40,renderStripes
FN:45,(anonymous_6)
FN:55,renderGrannySquares
FN:85,renderContent
FNF:9
FNH:8
FNDA:0,rotateArray
FNDA:140,getSquareColors
FNDA:350,(anonymous_2)
FNDA:5,computeGrid
FNDA:5,PreviewCanvas
FNDA:2,renderStripes
FNDA:40,(anonymous_6)
FNDA:2,renderGrannySquares
FNDA:5,renderContent
DA:5,1
DA:8,0
DA:9,0
DA:10,0
DA:11,0
DA:15,140
DA:16,70
DA:17,70
DA:18,350
DA:22,5
DA:23,5
DA:24,5
DA:25,5
DA:26,5
DA:27,5
DA:28,5
DA:32,1
DA:36,5
DA:37,5
DA:38,5
DA:41,2
DA:42,2
DA:43,2
DA:45,2
DA:46,40
DA:47,40
DA:56,2
DA:57,2
DA:59,2
DA:60,20
DA:61,140
DA:62,140
DA:63,140
DA:65,140
DA:66,490
DA:67,490
DA:68,490
DA:82,2
DA:86,5
DA:87,3
DA:88,2
DA:90,1
DA:93,5
LF:43
LH:39
BRDA:9,0,0,0
BRDA:9,0,1,0
BRDA:15,1,0,70
BRDA:15,1,1,70
BRDA:22,2,0,5
BRDA:22,2,1,0
BRDA:23,3,0,5
BRDA:23,3,1,0
BRDA:24,4,0,5
BRDA:24,4,1,4
BRDA:25,5,0,2
BRDA:25,5,1,3
BRDA:26,6,0,5
BRDA:26,6,1,5
BRDA:27,7,0,5
BRDA:27,7,1,5
BRDA:33,8,0,4
BRDA:37,9,0,5
BRDA:37,9,1,0
BRDA:37,10,0,5
BRDA:37,10,1,5
BRDA:42,11,0,1
BRDA:42,11,1,1
BRDA:47,12,0,20
BRDA:47,12,1,20
BRDA:86,13,0,2
BRDA:86,13,1,3
BRDA:87,14,0,2
BRDA:87,14,1,1
BRDA:87,15,0,3
BRDA:87,15,1,2
BRF:31
BRH:26
end_of_record
TN:
SF:components\ProjectCard.js
FN:12,daysRemaining
FN:19,getTagStyle
FN:23,ProjectCard
FN:25,(anonymous_3)
FN:74,makeStyles
FNF:5
FNH:5
FNDA:2,daysRemaining
FNDA:15,getTagStyle
FNDA:15,ProjectCard
FNDA:14,(anonymous_3)
FNDA:14,makeStyles
DA:10,1
DA:13,2
DA:14,2
DA:15,2
DA:16,2
DA:20,15
DA:24,15
DA:25,15
DA:26,15
DA:27,15
DA:28,15
DA:30,15
DA:74,14
LF:13
LH:13
BRDA:13,0,0,0
BRDA:13,0,1,2
BRDA:14,1,0,2
BRDA:14,1,1,0
BRDA:20,2,0,15
BRDA:20,2,1,0
BRDA:27,3,0,2
BRDA:27,3,1,13
BRDA:42,4,0,15
BRDA:42,4,1,13
BRDA:58,5,0,15
BRDA:58,5,1,2
BRF:12
BRH:9
end_of_record
TN:
SF:components\ResultSummaryCard.js
FN:11,ResultSummaryCard
FN:21,(anonymous_1)
FN:44,makeStyles
FNF:3
FNH:3
FNDA:2,ResultSummaryCard
FNDA:2,(anonymous_1)
FNDA:2,makeStyles
DA:20,2
DA:21,2
DA:22,2
DA:23,2
DA:25,2
DA:44,2
LF:6
LH:6
BRDA:34,0,0,2
BRDA:34,0,1,1
BRF:2
BRH:2
end_of_record
TN:
SF:components\TagLegendModal.js
FN:11,getTagStyle
FN:15,TagLegendModal
FN:17,(anonymous_2)
FN:26,(anonymous_3)
FN:47,makeStyles
FNF:5
FNH:5
FNDA:77,getTagStyle
FNDA:11,TagLegendModal
FNDA:6,(anonymous_2)
FNDA:77,(anonymous_3)
FNDA:6,makeStyles
DA:9,1
DA:12,77
DA:16,11
DA:17,11
DA:18,11
DA:19,11
DA:27,77
DA:28,77
DA:47,6
LF:9
LH:9
BRDA:12,0,0,77
BRDA:12,0,1,0
BRF:2
BRH:1
end_of_record
TN:
SF:components\Toast.js
FN:14,Toast
FN:18,(anonymous_1)
FN:21,(anonymous_2)
FN:22,(anonymous_3)
FN:24,(anonymous_4)
FNF:5
FNH:3
FNDA:102,Toast
FNDA:31,(anonymous_1)
FNDA:0,(anonymous_2)
FNDA:0,(anonymous_3)
FNDA:2,(anonymous_4)
DA:8,4
DA:15,102
DA:16,102
DA:18,102
DA:19,31
DA:20,2
DA:21,2
DA:22,0
DA:24,2
DA:28,102
DA:30,4
DA:32,4
DA:42,4
LF:13
LH:12
BRDA:14,0,0,0
BRDA:15,1,0,102
BRDA:15,1,1,0
BRDA:19,2,0,2
BRDA:19,2,1,29
BRDA:28,3,0,98
BRDA:28,3,1,4
BRF:7
BRH:5
end_of_record
TN:
SF:components\journal\ColorPickerPanel.js
FN:14,ColorPickerPanel
FN:16,(anonymous_1)
FN:23,handleActivate
FN:51,(anonymous_3)
FN:66,(anonymous_4)
FN:76,(anonymous_5)
FN:85,(anonymous_6)
FN:89,(anonymous_7)
FN:99,(anonymous_8)
FN:108,(anonymous_9)
FN:117,makeStyles
FNF:11
FNH:7
FNDA:34,ColorPickerPanel
FNDA:7,(anonymous_1)
FNDA:1,handleActivate
FNDA:0,(anonymous_3)
FNDA:0,(anonymous_4)
FNDA:0,(anonymous_5)
FNDA:14,(anonymous_6)
FNDA:144,(anonymous_7)
FNDA:0,(anonymous_8)
FNDA:1,(anonymous_9)
FNDA:7,makeStyles
DA:10,2
DA:15,34
DA:16,34
DA:17,34
DA:18,34
DA:19,34
DA:21,34
DA:24,1
DA:25,1
DA:28,3
DA:29,1
DA:51,0
DA:58,2
DA:67,0
DA:76,0
DA:86,14
DA:90,144
DA:99,0
DA:108,1
DA:117,7
LF:20
LH:16
BRDA:21,0,0,31
BRDA:21,0,1,3
BRDA:28,1,0,1
BRDA:28,1,1,2
BRDA:62,2,0,2
BRDA:62,2,1,0
BRDA:73,3,0,0
BRDA:73,3,1,0
BRDA:74,4,0,0
BRDA:74,4,1,0
BRDA:96,5,0,144
BRDA:96,5,1,40
BRDA:97,6,0,144
BRDA:97,6,1,2
BRF:14
BRH:9
end_of_record
TN:
SF:components\journal\ImageWidget.js
FN:15,CornerHandle
FN:25,(anonymous_1)
FN:26,(anonymous_2)
FN:27,(anonymous_3)
FN:36,(anonymous_4)
FN:81,ImageWidget
FN:83,(anonymous_6)
FN:120,makeStyles
FNF:8
FNH:3
FNDA:0,CornerHandle
FNDA:0,(anonymous_1)
FNDA:0,(anonymous_2)
FNDA:0,(anonymous_3)
FNDA:0,(anonymous_4)
FNDA:3,ImageWidget
FNDA:1,(anonymous_6)
FNDA:1,makeStyles
DA:10,2
DA:11,2
DA:16,0
DA:18,0
DA:19,0
DA:20,0
DA:21,0
DA:23,0
DA:25,0
DA:26,0
DA:28,0
DA:29,0
DA:37,0
DA:38,0
DA:39,0
DA:41,0
DA:42,0
DA:43,0
DA:44,0
DA:45,0
DA:46,0
DA:47,0
DA:48,0
DA:49,0
DA:50,0
DA:51,0
DA:52,0
DA:55,0
DA:56,0
DA:59,0
DA:64,0
DA:71,0
DA:82,3
DA:83,3
DA:85,3
DA:120,1
LF:36
LH:6
BRDA:41,0,0,0
BRDA:41,0,1,0
BRDA:45,1,0,0
BRDA:45,1,1,0
BRDA:49,2,0,0
BRDA:49,2,1,0
BRDA:87,3,0,0
BRDA:87,3,1,3
BRDA:91,4,0,3
BRDA:91,4,1,0
BRDA:93,5,0,0
BRDA:93,5,1,3
BRDA:106,6,0,3
BRDA:106,6,1,0
BRF:14
BRH:4
end_of_record
TN:
SF:components\journal\PuntosPanel.js
FN:14,CadenaIcon
FN:22,PuntoRasoIcon
FN:30,PuntoBajoIcon
FN:39,MedioPuntoAltoIcon
FN:48,PuntoAltoIcon
FN:57,PuntoAltoDobleIcon
FN:67,AnilloMagicoIcon
FN:89,PuntosPanel
FN:91,(anonymous_8)
FN:99,(anonymous_9)
FN:103,(anonymous_10)
FN:117,makeStyles
FNF:12
FNH:12
FNDA:4,CadenaIcon
FNDA:4,PuntoRasoIcon
FNDA:4,PuntoBajoIcon
FNDA:4,MedioPuntoAltoIcon
FNDA:4,PuntoAltoIcon
FNDA:4,PuntoAltoDobleIcon
FNDA:4,AnilloMagicoIcon
FNDA:35,PuntosPanel
FNDA:9,(anonymous_8)
FNDA:28,(anonymous_9)
FNDA:2,(anonymous_10)
FNDA:9,makeStyles
DA:11,2
DA:12,2
DA:15,4
DA:23,4
DA:31,4
DA:40,4
DA:49,4
DA:58,4
DA:68,4
DA:77,2
DA:90,35
DA:91,35
DA:93,35
DA:95,4
DA:100,28
DA:103,2
DA:117,9
LF:17
LH:17
BRDA:14,0,0,0
BRDA:22,1,0,0
BRDA:30,2,0,0
BRDA:39,3,0,0
BRDA:48,4,0,0
BRDA:57,5,0,0
BRDA:67,6,0,0
BRDA:93,7,0,31
BRDA:93,7,1,4
BRDA:128,8,0,9
BRDA:128,8,1,0
BRDA:128,8,2,0
BRF:12
BRH:3
end_of_record
TN:
SF:components\journal\StitchWidget.js
FN:11,CadenaIcon
FN:19,PuntoRasoIcon
FN:27,PuntoBajoIcon
FN:36,MedioPuntoAltoIcon
FN:45,PuntoAltoIcon
FN:54,PuntoAltoDobleIcon
FN:64,AnilloMagicoIcon
FN:86,StitchWidget
FN:88,(anonymous_8)
FN:94,(anonymous_9)
FN:95,(anonymous_10)
FN:96,(anonymous_11)
FN:99,(anonymous_12)
FN:117,makeStyles
FNF:14
FNH:4
FNDA:0,CadenaIcon
FNDA:0,PuntoRasoIcon
FNDA:3,PuntoBajoIcon
FNDA:0,MedioPuntoAltoIcon
FNDA:0,PuntoAltoIcon
FNDA:0,PuntoAltoDobleIcon
FNDA:0,AnilloMagicoIcon
FNDA:3,StitchWidget
FNDA:1,(anonymous_8)
FNDA:0,(anonymous_9)
FNDA:0,(anonymous_10)
FNDA:0,(anonymous_11)
FNDA:0,(anonymous_12)
FNDA:1,makeStyles
DA:6,2
DA:7,2
DA:12,0
DA:20,0
DA:28,3
DA:37,0
DA:46,0
DA:55,0
DA:65,0
DA:74,2
DA:87,3
DA:88,3
DA:89,3
DA:90,3
DA:92,3
DA:94,0
DA:95,0
DA:97,0
DA:100,0
DA:101,0
DA:106,3
DA:117,1
LF:22
LH:11
BRDA:11,0,0,0
BRDA:19,1,0,0
BRDA:27,2,0,0
BRDA:36,3,0,0
BRDA:45,4,0,0
BRDA:54,5,0,0
BRDA:64,6,0,0
BRDA:89,7,0,3
BRDA:89,7,1,0
BRDA:90,8,0,3
BRDA:90,8,1,0
BRDA:97,9,0,0
BRDA:97,9,1,0
BRDA:107,10,0,3
BRDA:107,10,1,0
BRF:15
BRH:3
end_of_record
TN:
SF:constants\colors.js
FNF:0
FNH:0
DA:1,6
DA:55,6
DA:109,6
LF:3
LH:3
BRF:0
BRH:0
end_of_record
TN:
SF:constants\legalContent.js
FN:236,getLegalContent
FNF:1
FNH:1
FNDA:50,getLegalContent
DA:2,1
DA:32,1
DA:62,1
DA:92,1
DA:140,1
DA:188,1
DA:237,50
DA:238,50
DA:239,25
DA:240,22
DA:241,4
DA:243,25
DA:244,22
DA:245,4
LF:14
LH:14
BRDA:237,0,0,50
BRDA:237,0,1,0
BRDA:238,1,0,25
BRDA:238,1,1,25
BRDA:239,2,0,3
BRDA:239,2,1,22
BRDA:240,3,0,18
BRDA:240,3,1,4
BRDA:243,4,0,3
BRDA:243,4,1,22
BRDA:244,5,0,18
BRDA:244,5,1,4
BRF:12
BRH:11
end_of_record
TN:
SF:constants\palette.js
FN:111,isLight
FNF:1
FNH:1
FNDA:144,isLight
DA:1,2
DA:112,144
DA:113,144
DA:114,144
DA:115,144
LF:5
LH:5
BRF:0
BRH:0
end_of_record
TN:
SF:constants\spacing.js
FNF:0
FNH:0
DA:1,6
DA:3,6
LF:2
LH:2
BRF:0
BRH:0
end_of_record
TN:
SF:constants\typography.js
FNF:0
FNH:0
DA:1,6
DA:10,6
LF:2
LH:2
BRF:0
BRH:0
end_of_record
TN:
SF:hooks\useProjects.js
FN:15,getProjectDate
FN:22,isExpired
FN:28,useProjects
FN:36,(anonymous_3)
FN:50,(anonymous_4)
FN:52,(anonymous_5)
FN:61,(anonymous_6)
FN:65,loadMore
FN:69,(anonymous_8)
FN:77,createProject
FN:79,(anonymous_10)
FN:83,updateProject
FN:85,(anonymous_12)
FN:86,(anonymous_13)
FN:90,softDelete
FN:92,(anonymous_15)
FN:93,(anonymous_16)
FN:93,(anonymous_17)
FN:95,(anonymous_18)
FN:96,(anonymous_19)
FN:102,restore
FN:104,(anonymous_21)
FN:105,(anonymous_22)
FN:105,(anonymous_23)
FN:107,(anonymous_24)
FN:111,hardDelete
FN:113,(anonymous_26)
FN:113,(anonymous_27)
FN:116,(anonymous_28)
FN:119,(anonymous_29)
FNF:30
FNH:19
FNDA:5,getProjectDate
FNDA:0,isExpired
FNDA:13,useProjects
FNDA:4,(anonymous_3)
FNDA:0,(anonymous_4)
FNDA:0,(anonymous_5)
FNDA:4,(anonymous_6)
FNDA:0,loadMore
FNDA:0,(anonymous_8)
FNDA:0,createProject
FNDA:0,(anonymous_10)
FNDA:0,updateProject
FNDA:0,(anonymous_12)
FNDA:0,(anonymous_13)
FNDA:3,softDelete
FNDA:3,(anonymous_15)
FNDA:3,(anonymous_16)
FNDA:3,(anonymous_17)
FNDA:3,(anonymous_18)
FNDA:0,(anonymous_19)
FNDA:1,restore
FNDA:1,(anonymous_21)
FNDA:1,(anonymous_22)
FNDA:1,(anonymous_23)
FNDA:1,(anonymous_24)
FNDA:1,hardDelete
FNDA:1,(anonymous_26)
FNDA:1,(anonymous_27)
FNDA:12,(anonymous_28)
FNDA:5,(anonymous_29)
DA:12,1
DA:13,1
DA:16,5
DA:17,5
DA:18,5
DA:19,5
DA:23,0
DA:24,0
DA:25,0
DA:29,13
DA:30,13
DA:31,13
DA:32,13
DA:33,13
DA:34,13
DA:36,13
DA:37,4
DA:38,4
DA:39,4
DA:40,4
DA:41,4
DA:45,4
DA:46,4
DA:47,4
DA:49,4
DA:50,4
DA:51,4
DA:52,4
DA:54,0
DA:55,0
DA:57,4
DA:61,13
DA:62,4
DA:66,0
DA:67,0
DA:68,0
DA:69,0
DA:70,0
DA:71,0
DA:73,0
DA:78,0
DA:79,0
DA:80,0
DA:84,0
DA:85,0
DA:86,0
DA:91,3
DA:92,3
DA:93,3
DA:94,3
DA:95,3
DA:96,0
DA:103,1
DA:104,1
DA:105,1
DA:106,1
DA:107,1
DA:112,1
DA:113,1
DA:116,13
DA:117,12
DA:118,12
DA:119,12
DA:120,5
DA:121,5
DA:125,13
LF:66
LH:47
BRDA:16,0,0,0
BRDA:16,0,1,5
BRDA:17,1,0,0
BRDA:17,1,1,5
BRDA:18,2,0,0
BRDA:18,2,1,5
BRDA:23,3,0,0
BRDA:23,3,1,0
BRDA:24,4,0,0
BRDA:24,4,1,0
BRDA:37,5,0,0
BRDA:37,5,1,4
BRDA:66,6,0,0
BRDA:66,6,1,0
BRDA:66,7,0,0
BRDA:66,7,1,0
BRDA:86,8,0,0
BRDA:86,8,1,0
BRDA:94,9,0,3
BRDA:94,9,1,0
BRDA:106,10,0,1
BRDA:106,10,1,0
BRDA:121,11,0,5
BRDA:121,11,1,5
BRF:24
BRH:8
end_of_record
TN:
SF:i18n\index.js
FNF:0
FNH:0
DA:8,7
DA:9,7
DA:10,7
DA:12,7
LF:4
LH:4
BRDA:9,0,0,7
BRDA:9,0,1,0
BRDA:10,1,0,7
BRDA:10,1,1,0
BRF:4
BRH:2
end_of_record
TN:
SF:screens\EntradaDiarioScreen.js
FN:53,makeId
FN:57,makeTextBox
FN:61,scaleToFit
FN:71,GridLayer
FN:91,toSvgPath
FN:92,(anonymous_5)
FN:95,StrokesLayer
FN:105,(anonymous_7)
FN:119,(anonymous_8)
FN:146,DraggableElement
FN:157,(anonymous_10)
FN:165,(anonymous_11)
FN:166,(anonymous_12)
FN:167,(anonymous_13)
FN:171,(anonymous_14)
FN:175,(anonymous_15)
FN:180,(anonymous_16)
FN:219,RowCounterWidget
FN:239,textBoxFont
FN:250,TextBoxWidget
FN:285,FmtBtn
FN:300,TextFormatBar
FN:305,(anonymous_22)
FN:308,(anonymous_23)
FN:311,(anonymous_24)
FN:315,(anonymous_25)
FN:316,(anonymous_26)
FN:334,TbBtn
FN:355,FloatingToolbar
FN:382,(anonymous_29)
FN:383,(anonymous_30)
FN:385,(anonymous_31)
FN:390,(anonymous_32)
FN:415,EntradaDiarioScreen
FN:417,(anonymous_34)
FN:477,(anonymous_35)
FN:478,(anonymous_36)
FN:479,(anonymous_37)
FN:480,(anonymous_38)
FN:484,(anonymous_39)
FN:486,(anonymous_40)
FN:489,(anonymous_41)
FN:494,(anonymous_42)
FN:497,load
FN:551,(anonymous_44)
FN:554,isUnsaved
FN:558,updateElement
FN:559,(anonymous_47)
FN:559,(anonymous_48)
FN:562,removeElement
FN:563,(anonymous_50)
FN:563,(anonymous_51)
FN:568,handleSave
FN:590,(anonymous_53)
FN:591,(anonymous_54)
FN:592,(anonymous_55)
FN:603,(anonymous_56)
FN:609,(anonymous_57)
FN:617,(anonymous_58)
FN:619,(anonymous_59)
FN:633,(anonymous_60)
FN:634,(anonymous_61)
FN:648,handleSaveAndExit
FN:655,handleBack
FN:663,handleNombreBlur
FN:672,(anonymous_65)
FN:674,(anonymous_66)
FN:685,(anonymous_67)
FN:693,handleCanvasTap
FN:706,(anonymous_69)
FN:719,(anonymous_70)
FN:733,handleDoneEditing
FN:739,handleAddRowCounter
FN:740,(anonymous_73)
FN:741,(anonymous_74)
FN:747,handleToggleText
FN:748,(anonymous_76)
FN:752,handleToggleEraser
FN:754,(anonymous_78)
FN:765,clearAllModes
FN:776,handleTogglePalette
FN:787,handleActivateBrush
FN:790,(anonymous_82)
FN:790,(anonymous_83)
FN:795,handleUndo
FN:796,(anonymous_85)
FN:800,(anonymous_86)
FN:800,(anonymous_87)
FN:811,handleTogglePuntos
FN:815,(anonymous_89)
FN:818,handleSelectStitch
FN:826,handleUploadPress
FN:838,handlePickImage
FN:849,handlePickPdf
FN:856,runUpload
FN:864,(anonymous_95)
FN:879,(anonymous_96)
FN:885,(anonymous_97)
FN:956,(anonymous_98)
FN:983,(anonymous_99)
FN:991,(anonymous_100)
FN:998,(anonymous_101)
FN:999,(anonymous_102)
FN:1006,(anonymous_103)
FN:1012,(anonymous_104)
FN:1013,(anonymous_105)
FN:1019,(anonymous_106)
FN:1022,(anonymous_107)
FN:1023,(anonymous_108)
FN:1041,(anonymous_109)
FN:1041,(anonymous_110)
FN:1050,(anonymous_111)
FN:1050,(anonymous_112)
FN:1062,(anonymous_113)
FN:1063,(anonymous_114)
FN:1074,(anonymous_115)
FN:1081,(anonymous_116)
FN:1092,(anonymous_117)
FN:1099,(anonymous_118)
FN:1109,(anonymous_119)
FN:1121,(anonymous_120)
FN:1125,(anonymous_121)
FN:1133,makeStyles
FNF:123
FNH:40
FNDA:3,makeId
FNDA:0,makeTextBox
FNDA:1,scaleToFit
FNDA:0,GridLayer
FNDA:0,toSvgPath
FNDA:0,(anonymous_5)
FNDA:33,StrokesLayer
FNDA:0,(anonymous_7)
FNDA:0,(anonymous_8)
FNDA:10,DraggableElement
FNDA:3,(anonymous_10)
FNDA:0,(anonymous_11)
FNDA:0,(anonymous_12)
FNDA:0,(anonymous_13)
FNDA:0,(anonymous_14)
FNDA:0,(anonymous_15)
FNDA:0,(anonymous_16)
FNDA:4,RowCounterWidget
FNDA:0,textBoxFont
FNDA:0,TextBoxWidget
FNDA:0,FmtBtn
FNDA:0,TextFormatBar
FNDA:0,(anonymous_22)
FNDA:0,(anonymous_23)
FNDA:0,(anonymous_24)
FNDA:0,(anonymous_25)
FNDA:0,(anonymous_26)
FNDA:198,TbBtn
FNDA:33,FloatingToolbar
FNDA:0,(anonymous_29)
FNDA:0,(anonymous_30)
FNDA:0,(anonymous_31)
FNDA:0,(anonymous_32)
FNDA:33,EntradaDiarioScreen
FNDA:7,(anonymous_34)
FNDA:7,(anonymous_35)
FNDA:0,(anonymous_36)
FNDA:0,(anonymous_37)
FNDA:7,(anonymous_38)
FNDA:7,(anonymous_39)
FNDA:0,(anonymous_40)
FNDA:0,(anonymous_41)
FNDA:7,(anonymous_42)
FNDA:7,load
FNDA:7,(anonymous_44)
FNDA:0,isUnsaved
FNDA:1,updateElement
FNDA:1,(anonymous_47)
FNDA:1,(anonymous_48)
FNDA:0,removeElement
FNDA:0,(anonymous_50)
FNDA:0,(anonymous_51)
FNDA:4,handleSave
FNDA:0,(anonymous_53)
FNDA:0,(anonymous_54)
FNDA:0,(anonymous_55)
FNDA:0,(anonymous_56)
FNDA:0,(anonymous_57)
FNDA:0,(anonymous_58)
FNDA:0,(anonymous_59)
FNDA:0,(anonymous_60)
FNDA:0,(anonymous_61)
FNDA:0,handleSaveAndExit
FNDA:0,handleBack
FNDA:0,handleNombreBlur
FNDA:18,(anonymous_65)
FNDA:0,(anonymous_66)
FNDA:7,(anonymous_67)
FNDA:1,handleCanvasTap
FNDA:1,(anonymous_69)
FNDA:0,(anonymous_70)
FNDA:0,handleDoneEditing
FNDA:1,handleAddRowCounter
FNDA:0,(anonymous_73)
FNDA:1,(anonymous_74)
FNDA:0,handleToggleText
FNDA:0,(anonymous_76)
FNDA:0,handleToggleEraser
FNDA:0,(anonymous_78)
FNDA:4,clearAllModes
FNDA:2,handleTogglePalette
FNDA:1,handleActivateBrush
FNDA:1,(anonymous_82)
FNDA:0,(anonymous_83)
FNDA:0,handleUndo
FNDA:0,(anonymous_85)
FNDA:0,(anonymous_86)
FNDA:0,(anonymous_87)
FNDA:2,handleTogglePuntos
FNDA:2,(anonymous_89)
FNDA:1,handleSelectStitch
FNDA:2,handleUploadPress
FNDA:2,handlePickImage
FNDA:0,handlePickPdf
FNDA:2,runUpload
FNDA:1,(anonymous_95)
FNDA:0,(anonymous_96)
FNDA:0,(anonymous_97)
FNDA:0,(anonymous_98)
FNDA:10,(anonymous_99)
FNDA:0,(anonymous_100)
FNDA:1,(anonymous_101)
FNDA:0,(anonymous_102)
FNDA:0,(anonymous_103)
FNDA:0,(anonymous_104)
FNDA:0,(anonymous_105)
FNDA:0,(anonymous_106)
FNDA:0,(anonymous_107)
FNDA:0,(anonymous_108)
FNDA:0,(anonymous_109)
FNDA:0,(anonymous_110)
FNDA:0,(anonymous_111)
FNDA:0,(anonymous_112)
FNDA:0,(anonymous_113)
FNDA:0,(anonymous_114)
FNDA:0,(anonymous_115)
FNDA:0,(anonymous_116)
FNDA:0,(anonymous_117)
FNDA:0,(anonymous_118)
FNDA:0,(anonymous_119)
FNDA:0,(anonymous_120)
FNDA:0,(anonymous_121)
FNDA:238,makeStyles
DA:54,3
DA:58,0
DA:62,1
DA:63,0
DA:64,0
DA:67,2
DA:72,0
DA:73,0
DA:74,0
DA:75,0
DA:76,0
DA:78,0
DA:79,0
DA:81,0
DA:92,0
DA:96,33
DA:97,0
DA:98,0
DA:99,0
DA:100,0
DA:101,0
DA:103,0
DA:106,0
DA:107,0
DA:120,0
DA:147,10
DA:150,10
DA:151,10
DA:152,10
DA:153,10
DA:157,10
DA:158,3
DA:161,10
DA:165,0
DA:166,0
DA:168,0
DA:172,0
DA:173,0
DA:176,0
DA:177,0
DA:181,0
DA:182,0
DA:184,0
DA:185,0
DA:192,10
DA:207,10
DA:208,0
DA:214,10
DA:220,4
DA:237,2
DA:240,0
DA:241,0
DA:242,0
DA:243,0
DA:251,0
DA:252,0
DA:253,0
DA:259,0
DA:260,0
DA:274,0
DA:286,0
DA:287,0
DA:288,0
DA:301,0
DA:302,0
DA:303,0
DA:305,0
DA:308,0
DA:311,0
DA:316,0
DA:335,198
DA:336,198
DA:337,198
DA:373,33
DA:374,33
DA:375,33
DA:376,33
DA:378,33
DA:380,33
DA:382,0
DA:384,0
DA:386,0
DA:387,0
DA:390,0
DA:394,33
DA:416,33
DA:417,33
DA:418,33
DA:419,33
DA:420,33
DA:422,33
DA:423,33
DA:424,33
DA:425,33
DA:426,33
DA:428,33
DA:429,33
DA:431,33
DA:433,33
DA:434,33
DA:435,33
DA:436,33
DA:437,33
DA:439,33
DA:440,33
DA:441,33
DA:442,33
DA:443,33
DA:446,33
DA:447,33
DA:448,33
DA:449,33
DA:450,33
DA:451,33
DA:452,33
DA:453,33
DA:454,33
DA:455,33
DA:456,33
DA:457,33
DA:458,33
DA:460,33
DA:461,33
DA:462,33
DA:463,33
DA:464,33
DA:465,33
DA:466,33
DA:467,33
DA:468,33
DA:469,33
DA:472,33
DA:473,33
DA:474,33
DA:477,33
DA:478,7
DA:479,7
DA:480,7
DA:484,33
DA:485,7
DA:486,0
DA:487,0
DA:489,0
DA:494,33
DA:495,7
DA:498,7
DA:499,7
DA:501,7
DA:503,7
DA:504,0
DA:505,0
DA:506,0
DA:507,0
DA:508,0
DA:513,0
DA:514,0
DA:516,0
DA:518,7
DA:519,0
DA:520,0
DA:521,0
DA:522,0
DA:523,0
DA:524,0
DA:525,0
DA:528,0
DA:529,0
DA:532,7
DA:533,7
DA:534,7
DA:536,7
DA:537,0
DA:538,0
DA:539,0
DA:540,0
DA:541,0
DA:542,0
DA:547,7
DA:550,7
DA:551,7
DA:555,0
DA:559,1
DA:563,0
DA:564,0
DA:565,0
DA:569,4
DA:570,4
DA:571,4
DA:572,4
DA:573,0
DA:577,0
DA:578,0
DA:580,4
DA:581,4
DA:583,4
DA:588,33
DA:590,0
DA:591,0
DA:593,0
DA:594,0
DA:595,0
DA:597,0
DA:598,0
DA:599,0
DA:601,0
DA:604,0
DA:605,0
DA:606,0
DA:607,0
DA:608,0
DA:609,0
DA:612,0
DA:613,0
DA:614,0
DA:618,0
DA:619,0
DA:624,0
DA:625,0
DA:626,0
DA:627,0
DA:633,0
DA:634,0
DA:636,0
DA:637,0
DA:638,0
DA:645,33
DA:646,33
DA:649,0
DA:650,0
DA:651,0
DA:652,0
DA:656,0
DA:657,0
DA:659,0
DA:664,0
DA:665,0
DA:672,33
DA:673,18
DA:674,0
DA:675,0
DA:676,0
DA:677,0
DA:678,0
DA:679,0
DA:681,0
DA:685,33
DA:686,7
DA:694,1
DA:696,1
DA:697,1
DA:698,1
DA:699,1
DA:700,1
DA:703,1
DA:706,1
DA:710,1
DA:711,1
DA:712,1
DA:715,0
DA:716,0
DA:718,0
DA:719,0
DA:720,0
DA:721,0
DA:722,0
DA:725,0
DA:726,0
DA:727,0
DA:728,0
DA:729,0
DA:734,0
DA:735,0
DA:736,0
DA:740,1
DA:741,1
DA:748,0
DA:749,0
DA:753,0
DA:754,0
DA:755,0
DA:756,0
DA:757,0
DA:758,0
DA:759,0
DA:760,0
DA:761,0
DA:762,0
DA:766,4
DA:767,4
DA:768,4
DA:769,4
DA:770,4
DA:771,4
DA:777,2
DA:778,0
DA:779,0
DA:781,2
DA:782,2
DA:783,2
DA:788,1
DA:789,1
DA:790,1
DA:791,1
DA:792,1
DA:796,0
DA:797,0
DA:798,0
DA:799,0
DA:800,0
DA:801,0
DA:802,0
DA:804,0
DA:806,0
DA:812,2
DA:813,2
DA:814,2
DA:815,2
DA:819,1
DA:820,1
DA:821,1
DA:827,2
DA:839,2
DA:844,2
DA:845,2
DA:846,2
DA:850,0
DA:851,0
DA:852,0
DA:853,0
DA:857,2
DA:858,2
DA:859,2
DA:860,2
DA:861,1
DA:864,1
DA:869,1
DA:870,1
DA:872,2
DA:876,33
DA:877,33
DA:879,33
DA:882,33
DA:883,33
DA:884,33
DA:886,0
DA:887,0
DA:890,0
DA:891,0
DA:895,33
DA:957,0
DA:984,10
DA:991,0
DA:998,1
DA:999,0
DA:1006,0
DA:1012,0
DA:1013,0
DA:1019,0
DA:1022,0
DA:1023,0
DA:1041,0
DA:1050,0
DA:1062,0
DA:1063,0
DA:1074,0
DA:1081,0
DA:1092,0
DA:1099,0
DA:1110,0
DA:1111,0
DA:1122,0
DA:1123,0
DA:1125,0
DA:1133,238
LF:374
LH:170
BRDA:57,0,0,0
BRDA:61,1,0,1
BRDA:62,2,0,1
BRDA:62,2,1,0
BRDA:62,3,0,1
BRDA:62,3,1,0
BRDA:72,4,0,0
BRDA:72,4,1,0
BRDA:72,5,0,0
BRDA:72,5,1,0
BRDA:92,6,0,0
BRDA:92,6,1,0
BRDA:96,7,0,33
BRDA:96,7,1,0
BRDA:96,8,0,33
BRDA:96,8,1,0
BRDA:101,9,0,0
BRDA:101,9,1,0
BRDA:101,10,0,0
BRDA:101,10,1,0
BRDA:101,10,2,0
BRDA:130,11,0,0
BRDA:130,11,1,0
BRDA:168,12,0,0
BRDA:168,12,1,0
BRDA:168,12,2,0
BRDA:168,12,3,0
BRDA:176,13,0,0
BRDA:176,13,1,0
BRDA:181,14,0,0
BRDA:181,14,1,0
BRDA:182,15,0,0
BRDA:182,15,1,0
BRDA:182,16,0,0
BRDA:182,16,1,0
BRDA:196,17,0,10
BRDA:196,17,1,0
BRDA:197,18,0,10
BRDA:197,18,1,0
BRDA:207,19,0,0
BRDA:207,19,1,10
BRDA:207,20,0,10
BRDA:207,20,1,0
BRDA:240,21,0,0
BRDA:240,21,1,0
BRDA:240,22,0,0
BRDA:240,22,1,0
BRDA:241,23,0,0
BRDA:241,23,1,0
BRDA:242,24,0,0
BRDA:242,24,1,0
BRDA:254,25,0,0
BRDA:254,25,1,0
BRDA:256,26,0,0
BRDA:256,26,1,0
BRDA:259,27,0,0
BRDA:259,27,1,0
BRDA:276,28,0,0
BRDA:276,28,1,0
BRDA:277,29,0,0
BRDA:277,29,1,0
BRDA:290,30,0,0
BRDA:290,30,1,0
BRDA:306,31,0,0
BRDA:306,31,1,0
BRDA:309,32,0,0
BRDA:309,32,1,0
BRDA:312,33,0,0
BRDA:312,33,1,0
BRDA:317,34,0,0
BRDA:317,34,1,0
BRDA:339,35,0,198
BRDA:339,35,1,6
BRDA:347,36,0,0
BRDA:347,36,1,198
BRDA:347,37,0,6
BRDA:347,37,1,192
BRDA:349,38,0,198
BRDA:349,38,1,0
BRDA:375,39,0,0
BRDA:375,39,1,33
BRDA:376,40,0,0
BRDA:376,40,1,33
BRDA:384,41,0,0
BRDA:384,41,1,0
BRDA:399,42,0,33
BRDA:399,42,1,33
BRDA:402,43,0,33
BRDA:402,43,1,32
BRDA:405,44,0,33
BRDA:405,44,1,32
BRDA:485,45,0,0
BRDA:485,45,1,7
BRDA:499,46,0,0
BRDA:499,46,1,7
BRDA:501,47,0,7
BRDA:501,47,1,0
BRDA:503,48,0,0
BRDA:503,48,1,7
BRDA:504,49,0,0
BRDA:504,49,1,0
BRDA:505,50,0,0
BRDA:505,50,1,0
BRDA:506,51,0,0
BRDA:506,51,1,0
BRDA:507,52,0,0
BRDA:507,52,1,0
BRDA:513,53,0,0
BRDA:513,53,1,0
BRDA:518,54,0,0
BRDA:518,54,1,7
BRDA:521,55,0,0
BRDA:521,55,1,0
BRDA:532,56,0,7
BRDA:532,56,1,0
BRDA:534,57,0,7
BRDA:534,57,1,0
BRDA:536,58,0,0
BRDA:536,58,1,7
BRDA:539,59,0,0
BRDA:539,59,1,0
BRDA:540,60,0,0
BRDA:540,60,1,0
BRDA:541,61,0,0
BRDA:541,61,1,0
BRDA:555,62,0,0
BRDA:555,62,1,0
BRDA:559,63,0,1
BRDA:559,63,1,0
BRDA:564,64,0,0
BRDA:564,64,1,0
BRDA:565,65,0,0
BRDA:565,65,1,0
BRDA:572,66,0,0
BRDA:572,66,1,4
BRDA:572,67,0,4
BRDA:572,67,1,0
BRDA:594,68,0,0
BRDA:594,68,1,0
BRDA:605,69,0,0
BRDA:605,69,1,0
BRDA:608,70,0,0
BRDA:608,70,1,0
BRDA:608,71,0,0
BRDA:608,71,1,0
BRDA:618,72,0,0
BRDA:618,72,1,0
BRDA:626,73,0,0
BRDA:626,73,1,0
BRDA:626,74,0,0
BRDA:626,74,1,0
BRDA:649,75,0,0
BRDA:649,75,1,0
BRDA:656,76,0,0
BRDA:656,76,1,0
BRDA:664,77,0,0
BRDA:664,77,1,0
BRDA:673,78,0,18
BRDA:673,78,1,0
BRDA:673,79,0,18
BRDA:673,79,1,0
BRDA:675,80,0,0
BRDA:675,80,1,0
BRDA:678,81,0,0
BRDA:678,81,1,0
BRDA:694,82,0,0
BRDA:694,82,1,1
BRDA:696,83,0,1
BRDA:696,83,1,0
BRDA:696,84,0,1
BRDA:696,84,1,1
BRDA:700,85,0,0
BRDA:700,85,1,1
BRDA:703,86,0,0
BRDA:703,86,1,1
BRDA:715,87,0,0
BRDA:715,87,1,0
BRDA:728,88,0,0
BRDA:728,88,1,0
BRDA:729,89,0,0
BRDA:729,89,1,0
BRDA:740,90,0,0
BRDA:740,90,1,1
BRDA:777,91,0,0
BRDA:777,91,1,2
BRDA:797,92,0,0
BRDA:797,92,1,0
BRDA:799,93,0,0
BRDA:799,93,1,0
BRDA:801,94,0,0
BRDA:801,94,1,0
BRDA:844,95,0,0
BRDA:844,95,1,2
BRDA:846,96,0,2
BRDA:846,96,1,0
BRDA:851,97,0,0
BRDA:851,97,1,0
BRDA:857,98,0,0
BRDA:857,98,1,2
BRDA:861,99,0,0
BRDA:861,99,1,1
BRDA:879,100,0,0
BRDA:879,100,1,33
BRDA:884,101,0,0
BRDA:884,101,1,33
BRDA:884,102,0,33
BRDA:884,102,1,0
BRDA:887,103,0,0
BRDA:887,103,1,0
BRDA:907,104,0,0
BRDA:907,104,1,33
BRDA:922,105,0,33
BRDA:922,105,1,1
BRDA:938,106,0,0
BRDA:938,106,1,33
BRDA:968,107,0,33
BRDA:968,107,1,0
BRDA:992,108,0,0
BRDA:992,108,1,10
BRDA:995,109,0,4
BRDA:995,109,1,6
BRDA:1003,110,0,3
BRDA:1003,110,1,3
BRDA:1008,111,0,3
BRDA:1008,111,1,0
BRDA:1021,112,0,0
BRDA:1021,112,1,0
BRDA:1033,113,0,1
BRDA:1033,113,1,32
BRDA:1058,114,0,33
BRDA:1058,114,1,0
BRDA:1058,114,2,0
BRDA:1086,115,0,33
BRDA:1086,115,1,26
BRDA:1086,115,2,22
BRF:235
BRH:68
end_of_record
TN:
SF:screens\InicioScreen.js
FN:15,ShortcutCard
FN:30,InicioScreen
FN:32,(anonymous_2)
FN:37,(anonymous_3)
FN:40,(anonymous_4)
FN:41,(anonymous_5)
FN:62,(anonymous_6)
FN:71,(anonymous_7)
FN:80,(anonymous_8)
FN:89,(anonymous_9)
FN:97,makeStyles
FNF:11
FNH:5
FNDA:8,ShortcutCard
FNDA:2,InicioScreen
FNDA:2,(anonymous_2)
FNDA:2,(anonymous_3)
FNDA:0,(anonymous_4)
FNDA:0,(anonymous_5)
FNDA:0,(anonymous_6)
FNDA:0,(anonymous_7)
FNDA:0,(anonymous_8)
FNDA:0,(anonymous_9)
FNDA:2,makeStyles
DA:13,1
DA:16,8
DA:31,2
DA:32,2
DA:33,2
DA:34,2
DA:35,2
DA:37,2
DA:38,2
DA:39,0
DA:40,0
DA:44,2
DA:48,2
DA:62,0
DA:71,0
DA:80,0
DA:89,0
DA:97,2
LF:18
LH:12
BRDA:18,0,0,8
BRDA:18,0,1,0
BRDA:34,1,0,2
BRDA:34,1,1,0
BRDA:38,2,0,2
BRDA:38,2,1,0
BRDA:40,3,0,0
BRDA:40,3,1,0
BRDA:44,4,0,0
BRDA:44,4,1,2
BRDA:51,5,0,0
BRDA:51,5,1,2
BRDA:52,6,0,0
BRDA:52,6,1,2
BRF:14
BRH:6
end_of_record
TN:
SF:screens\PerfilScreen.js
FN:48,PerfilScreen
FN:50,(anonymous_1)
FN:73,(anonymous_2)
FN:76,(anonymous_3)
FN:79,(anonymous_4)
FN:85,(anonymous_5)
FN:88,handleAvatarEdit
FN:98,handleCropAndSave
FN:123,handleSaveProfile
FN:137,handleLangChange
FN:139,(anonymous_10)
FN:142,handleToggleNotif
FN:144,(anonymous_12)
FN:150,handleExport
FN:166,handleDeleteAccount
FN:175,handleSignOut
FN:207,(anonymous_16)
FN:294,(anonymous_17)
FN:300,(anonymous_18)
FN:342,(anonymous_19)
FN:361,(anonymous_20)
FN:369,(anonymous_21)
FN:381,(anonymous_22)
FN:402,(anonymous_23)
FN:413,(anonymous_24)
FN:418,(anonymous_25)
FN:425,(anonymous_26)
FN:434,(anonymous_27)
FN:434,(anonymous_28)
FN:457,(anonymous_29)
FN:470,makeStyles
FNF:31
FNH:13
FNDA:25,PerfilScreen
FNDA:9,(anonymous_1)
FNDA:1,(anonymous_2)
FNDA:9,(anonymous_3)
FNDA:9,(anonymous_4)
FNDA:0,(anonymous_5)
FNDA:0,handleAvatarEdit
FNDA:0,handleCropAndSave
FNDA:0,handleSaveProfile
FNDA:2,handleLangChange
FNDA:0,(anonymous_10)
FNDA:2,handleToggleNotif
FNDA:0,(anonymous_12)
FNDA:1,handleExport
FNDA:1,handleDeleteAccount
FNDA:0,handleSignOut
FNDA:0,(anonymous_16)
FNDA:75,(anonymous_17)
FNDA:2,(anonymous_18)
FNDA:1,(anonymous_19)
FNDA:0,(anonymous_20)
FNDA:0,(anonymous_21)
FNDA:0,(anonymous_22)
FNDA:0,(anonymous_23)
FNDA:0,(anonymous_24)
FNDA:0,(anonymous_25)
FNDA:0,(anonymous_26)
FNDA:0,(anonymous_27)
FNDA:0,(anonymous_28)
FNDA:0,(anonymous_29)
FNDA:9,makeStyles
DA:38,1
DA:44,1
DA:49,25
DA:50,25
DA:51,25
DA:52,25
DA:53,25
DA:54,25
DA:56,25
DA:57,25
DA:58,25
DA:59,25
DA:60,25
DA:61,25
DA:62,25
DA:64,25
DA:65,25
DA:66,25
DA:68,25
DA:69,25
DA:71,25
DA:73,25
DA:74,1
DA:76,25
DA:77,9
DA:78,9
DA:80,9
DA:81,9
DA:82,9
DA:83,9
DA:89,0
DA:94,0
DA:95,0
DA:99,0
DA:100,0
DA:101,0
DA:102,0
DA:103,0
DA:104,0
DA:105,0
DA:106,0
DA:107,0
DA:112,0
DA:113,0
DA:114,0
DA:116,0
DA:117,0
DA:119,0
DA:124,0
DA:125,0
DA:126,0
DA:127,0
DA:128,0
DA:129,0
DA:131,0
DA:132,0
DA:138,2
DA:139,2
DA:143,2
DA:144,2
DA:145,2
DA:146,1
DA:151,1
DA:152,1
DA:153,1
DA:155,0
DA:156,0
DA:157,0
DA:159,0
DA:162,1
DA:167,1
DA:168,1
DA:169,1
DA:171,0
DA:176,0
DA:177,0
DA:178,0
DA:180,0
DA:184,25
DA:185,25
DA:186,25
DA:188,25
DA:189,25
DA:191,25
DA:207,0
DA:295,75
DA:296,75
DA:300,2
DA:342,1
DA:361,0
DA:369,0
DA:381,0
DA:402,0
DA:413,0
DA:418,0
DA:425,0
DA:434,0
DA:457,0
DA:470,9
LF:99
LH:54
BRDA:44,0,0,1
BRDA:44,0,1,0
BRDA:73,1,0,1
BRDA:77,2,0,0
BRDA:77,2,1,9
BRDA:80,3,0,0
BRDA:80,3,1,9
BRDA:81,4,0,9
BRDA:81,4,1,0
BRDA:82,5,0,0
BRDA:82,5,1,9
BRDA:83,6,0,0
BRDA:83,6,1,9
BRDA:94,7,0,0
BRDA:94,7,1,0
BRDA:94,8,0,0
BRDA:94,8,1,0
BRDA:99,9,0,0
BRDA:99,9,1,0
BRDA:126,10,0,0
BRDA:126,10,1,0
BRDA:126,11,0,0
BRDA:126,11,1,0
BRDA:139,12,0,2
BRDA:139,12,1,0
BRDA:144,13,0,2
BRDA:144,13,1,0
BRDA:145,14,0,1
BRDA:145,14,1,1
BRDA:156,15,0,0
BRDA:156,15,1,0
BRDA:184,16,0,25
BRDA:184,16,1,9
BRDA:199,17,0,0
BRDA:199,17,1,25
BRDA:205,18,0,0
BRDA:205,18,1,25
BRDA:211,19,0,0
BRDA:211,19,1,25
BRDA:217,20,0,0
BRDA:217,20,1,25
BRDA:224,21,0,0
BRDA:224,21,1,0
BRDA:228,22,0,0
BRDA:228,22,1,0
BRDA:241,23,0,0
BRDA:241,23,1,25
BRDA:251,24,0,0
BRDA:251,24,1,25
BRDA:262,25,0,25
BRDA:262,25,1,9
BRDA:265,26,0,25
BRDA:265,26,1,25
BRDA:268,27,0,25
BRDA:268,27,1,0
BRDA:277,28,0,0
BRDA:277,28,1,25
BRDA:295,29,0,75
BRDA:295,29,1,50
BRDA:299,30,0,75
BRDA:299,30,1,50
BRDA:305,31,0,75
BRDA:305,31,1,25
BRDA:308,32,0,75
BRDA:308,32,1,25
BRDA:440,33,0,25
BRDA:440,33,1,0
BRF:67
BRH:34
end_of_record
TN:
SF:screens\ProyectosScreen.js
FN:26,ProyectosScreen
FN:28,(anonymous_1)
FN:34,(anonymous_2)
FN:36,(anonymous_3)
FN:56,(anonymous_4)
FN:59,(anonymous_5)
FN:62,showToast
FN:66,openDeleteConfirm
FN:70,openRestoreConfirm
FN:74,closeConfirm
FN:78,handleConfirm
FN:98,(anonymous_11)
FN:102,switchToDeleted
FN:107,renderEmpty
FN:140,(anonymous_14)
FN:153,(anonymous_15)
FN:161,(anonymous_16)
FN:173,(anonymous_17)
FN:177,(anonymous_18)
FN:202,(anonymous_19)
FN:217,(anonymous_20)
FN:218,(anonymous_21)
FN:222,(anonymous_22)
FN:223,(anonymous_23)
FN:224,(anonymous_24)
FN:247,(anonymous_25)
FN:253,(anonymous_26)
FN:253,(anonymous_27)
FN:259,makeStyles
FNF:29
FNH:13
FNDA:11,ProyectosScreen
FNDA:6,(anonymous_1)
FNDA:11,(anonymous_2)
FNDA:6,(anonymous_3)
FNDA:11,(anonymous_4)
FNDA:6,(anonymous_5)
FNDA:0,showToast
FNDA:0,openDeleteConfirm
FNDA:0,openRestoreConfirm
FNDA:0,closeConfirm
FNDA:0,handleConfirm
FNDA:0,(anonymous_11)
FNDA:1,switchToDeleted
FNDA:2,renderEmpty
FNDA:0,(anonymous_14)
FNDA:0,(anonymous_15)
FNDA:0,(anonymous_16)
FNDA:22,(anonymous_17)
FNDA:1,(anonymous_18)
FNDA:0,(anonymous_19)
FNDA:24,(anonymous_20)
FNDA:15,(anonymous_21)
FNDA:0,(anonymous_22)
FNDA:0,(anonymous_23)
FNDA:0,(anonymous_24)
FNDA:0,(anonymous_25)
FNDA:0,(anonymous_26)
FNDA:0,(anonymous_27)
FNDA:6,makeStyles
DA:27,11
DA:28,11
DA:29,11
DA:30,11
DA:32,11
DA:34,11
DA:36,11
DA:37,6
DA:38,0
DA:39,0
DA:40,0
DA:44,11
DA:45,11
DA:46,11
DA:47,11
DA:48,11
DA:49,11
DA:50,11
DA:52,11
DA:56,11
DA:57,11
DA:58,3
DA:59,6
DA:63,0
DA:67,0
DA:71,0
DA:75,0
DA:79,0
DA:80,0
DA:81,0
DA:82,0
DA:83,0
DA:84,0
DA:85,0
DA:87,0
DA:88,0
DA:91,0
DA:92,0
DA:94,0
DA:98,11
DA:99,0
DA:103,1
DA:104,1
DA:108,2
DA:109,2
DA:110,2
DA:119,0
DA:120,0
DA:126,0
DA:135,11
DA:140,0
DA:153,0
DA:161,0
DA:174,22
DA:177,1
DA:202,0
DA:217,24
DA:219,15
DA:222,0
DA:223,0
DA:224,0
DA:247,0
DA:253,0
DA:259,6
LF:64
LH:32
BRDA:37,0,0,0
BRDA:37,0,1,6
BRDA:52,1,0,9
BRDA:52,1,1,2
BRDA:53,2,0,0
BRDA:53,2,1,9
BRDA:57,3,0,8
BRDA:57,3,1,3
BRDA:62,4,0,0
BRDA:83,5,0,0
BRDA:83,5,1,0
BRDA:99,6,0,0
BRDA:99,6,1,0
BRDA:99,7,0,0
BRDA:99,7,1,0
BRDA:109,8,0,2
BRDA:109,8,1,0
BRDA:109,9,0,2
BRDA:109,9,1,2
BRDA:119,10,0,0
BRDA:119,10,1,0
BRDA:119,11,0,0
BRDA:119,11,1,0
BRDA:129,12,0,0
BRDA:129,12,1,0
BRDA:146,13,0,0
BRDA:146,13,1,11
BRDA:147,14,0,9
BRDA:147,14,1,2
BRDA:148,15,0,0
BRDA:148,15,1,9
BRDA:176,16,0,22
BRDA:176,16,1,11
BRDA:180,17,0,22
BRDA:180,17,1,11
BRDA:181,18,0,11
BRDA:181,18,1,11
BRDA:182,19,0,0
BRDA:182,19,1,11
BRDA:201,20,0,11
BRDA:201,20,1,3
BRDA:209,21,0,11
BRDA:209,21,1,2
BRDA:234,22,0,11
BRDA:234,22,1,11
BRDA:238,23,0,0
BRDA:238,23,1,11
BRDA:239,24,0,0
BRDA:239,24,1,11
BRDA:240,25,0,0
BRDA:240,25,1,11
BRF:51
BRH:29
end_of_record
TN:
SF:services\auth.js
FN:16,(anonymous_0)
FN:18,signInWithGoogleCredential
FN:23,signInWithApple
FN:37,signInAnonymously
FN:41,signOut
FN:45,onAuthChange
FN:49,deleteAccount
FNF:7
FNH:4
FNDA:1,(anonymous_0)
FNDA:1,signInWithGoogleCredential
FNDA:0,signInWithApple
FNDA:0,signInAnonymously
FNDA:2,signOut
FNDA:1,onAuthChange
FNDA:0,deleteAccount
DA:14,2
DA:16,2
DA:19,1
DA:20,1
DA:24,0
DA:30,0
DA:31,0
DA:34,0
DA:38,0
DA:42,2
DA:46,1
DA:50,0
DA:51,0
DA:52,0
LF:14
LH:6
BRDA:51,0,0,0
BRDA:51,0,1,0
BRF:2
BRH:0
end_of_record
TN:
SF:services\calculadora.js
FN:9,calcularConsumo
FNF:1
FNH:1
FNDA:15,calcularConsumo
DA:1,1
DA:7,1
DA:10,15
DA:12,15
DA:20,6
DA:23,9
DA:24,9
DA:25,9
DA:26,9
DA:27,9
DA:28,9
DA:29,9
DA:30,9
DA:32,9
LF:14
LH:14
BRDA:10,0,0,15
BRDA:10,0,1,1
BRDA:12,1,0,6
BRDA:12,1,1,9
BRDA:13,2,0,15
BRDA:13,2,1,14
BRDA:13,2,2,14
BRDA:13,2,3,13
BRDA:13,2,4,13
BRDA:13,2,5,13
BRDA:13,2,6,13
BRDA:13,2,7,12
BRDA:13,2,8,12
BRDA:13,2,9,12
BRDA:13,2,10,11
BRDA:13,2,11,10
BRF:16
BRH:16
end_of_record
TN:
SF:services\firestore.js
FN:22,createUserDocument
FN:30,getUserDocument
FN:37,createProject
FN:49,getActiveProjects
FN:59,(anonymous_4)
FN:68,getDeletedProjects
FN:77,(anonymous_6)
FN:80,getProject
FN:85,updateProject
FN:89,softDeleteProject
FN:93,restoreProject
FN:97,hardDeleteProject
FN:101,saveResultadoCalculadora
FN:108,getResultadoCalculadora
FN:113,saveResultadoPrevisualización
FN:120,getResultadoPrevisualización
FN:127,createDiario
FN:142,getDiarios
FN:146,(anonymous_18)
FN:149,getDiario
FN:154,updateDiario
FN:158,deleteDiario
FN:162,getDiarioByProyecto
FN:169,getDiariosByProyecto
FN:174,(anonymous_24)
FN:175,(anonymous_25)
FN:180,addArchivoProyecto
FN:191,getArchivosProyecto
FN:196,(anonymous_28)
FN:197,(anonymous_29)
FN:200,deleteArchivoProyecto
FN:206,addEntradaColor
FN:211,getColores
FN:213,(anonymous_33)
FN:216,deleteEntradaColor
FN:222,addArchivoPatron
FN:231,getArchivosPatron
FN:233,(anonymous_37)
FN:236,addArchivoInspiracion
FN:245,getArchivosInspiracion
FN:247,(anonymous_40)
FN:250,deleteArchivoRef
FN:256,createEntrada
FN:266,getEntradas
FN:270,(anonymous_44)
FN:273,getEntrada
FN:278,updateEntrada
FN:285,deleteEntrada
FN:291,updateUserDocument
FN:295,saveUserSettings
FN:299,getAllUserProjects
FN:303,(anonymous_51)
FN:306,getAllUserDiarios
FN:310,(anonymous_53)
FNF:54
FNH:9
FNDA:2,createUserDocument
FNDA:0,getUserDocument
FNDA:2,createProject
FNDA:2,getActiveProjects
FNDA:0,(anonymous_4)
FNDA:2,getDeletedProjects
FNDA:0,(anonymous_6)
FNDA:0,getProject
FNDA:0,updateProject
FNDA:1,softDeleteProject
FNDA:1,restoreProject
FNDA:1,hardDeleteProject
FNDA:2,saveResultadoCalculadora
FNDA:3,getResultadoCalculadora
FNDA:0,saveResultadoPrevisualización
FNDA:0,getResultadoPrevisualización
FNDA:0,createDiario
FNDA:0,getDiarios
FNDA:0,(anonymous_18)
FNDA:0,getDiario
FNDA:0,updateDiario
FNDA:0,deleteDiario
FNDA:0,getDiarioByProyecto
FNDA:0,getDiariosByProyecto
FNDA:0,(anonymous_24)
FNDA:0,(anonymous_25)
FNDA:0,addArchivoProyecto
FNDA:0,getArchivosProyecto
FNDA:0,(anonymous_28)
FNDA:0,(anonymous_29)
FNDA:0,deleteArchivoProyecto
FNDA:0,addEntradaColor
FNDA:0,getColores
FNDA:0,(anonymous_33)
FNDA:0,deleteEntradaColor
FNDA:0,addArchivoPatron
FNDA:0,getArchivosPatron
FNDA:0,(anonymous_37)
FNDA:0,addArchivoInspiracion
FNDA:0,getArchivosInspiracion
FNDA:0,(anonymous_40)
FNDA:0,deleteArchivoRef
FNDA:0,createEntrada
FNDA:0,getEntradas
FNDA:0,(anonymous_44)
FNDA:0,getEntrada
FNDA:0,updateEntrada
FNDA:0,deleteEntrada
FNDA:0,updateUserDocument
FNDA:0,saveUserSettings
FNDA:0,getAllUserProjects
FNDA:0,(anonymous_51)
FNDA:0,getAllUserDiarios
FNDA:0,(anonymous_53)
DA:20,3
DA:23,2
DA:24,2
DA:25,2
DA:26,1
DA:31,0
DA:32,0
DA:35,3
DA:38,2
DA:46,2
DA:50,2
DA:56,2
DA:57,2
DA:58,2
DA:59,2
DA:60,2
DA:61,2
DA:63,0
DA:64,0
DA:69,2
DA:77,2
DA:81,0
DA:82,0
DA:86,0
DA:90,1
DA:94,1
DA:98,1
DA:102,2
DA:109,3
DA:110,3
DA:114,0
DA:121,0
DA:122,0
DA:128,0
DA:139,0
DA:143,0
DA:146,0
DA:150,0
DA:151,0
DA:155,0
DA:159,0
DA:163,0
DA:166,0
DA:170,0
DA:173,0
DA:174,0
DA:175,0
DA:181,0
DA:188,0
DA:194,0
DA:195,0
DA:196,0
DA:197,0
DA:201,0
DA:207,0
DA:208,0
DA:212,0
DA:213,0
DA:217,0
DA:223,0
DA:228,0
DA:232,0
DA:233,0
DA:237,0
DA:242,0
DA:246,0
DA:247,0
DA:251,0
DA:257,0
DA:263,0
DA:267,0
DA:270,0
DA:274,0
DA:275,0
DA:279,0
DA:286,0
DA:292,0
DA:296,0
DA:300,0
DA:303,0
DA:307,0
DA:310,0
LF:82
LH:23
BRDA:22,0,0,0
BRDA:22,1,0,0
BRDA:22,2,0,1
BRDA:25,3,0,1
BRDA:25,3,1,1
BRDA:32,4,0,0
BRDA:32,4,1,0
BRDA:37,5,0,2
BRDA:49,6,0,2
BRDA:56,7,0,0
BRDA:56,7,1,2
BRDA:60,8,0,2
BRDA:60,8,1,2
BRDA:82,9,0,0
BRDA:82,9,1,0
BRDA:110,10,0,3
BRDA:110,10,1,0
BRDA:110,11,0,3
BRDA:110,11,1,1
BRDA:122,12,0,0
BRDA:122,12,1,0
BRDA:122,13,0,0
BRDA:122,13,1,0
BRDA:127,14,0,0
BRDA:127,15,0,0
BRDA:151,16,0,0
BRDA:151,16,1,0
BRDA:166,17,0,0
BRDA:166,17,1,0
BRDA:175,18,0,0
BRDA:175,18,1,0
BRDA:175,19,0,0
BRDA:175,19,1,0
BRDA:197,20,0,0
BRDA:197,20,1,0
BRDA:197,21,0,0
BRDA:197,21,1,0
BRDA:275,22,0,0
BRDA:275,22,1,0
BRF:39
BRH:11
end_of_record
TN:
SF:services\previsualización.js
FN:26,buildCanvasParams
FNF:1
FNH:1
FNDA:17,buildCanvasParams
DA:1,1
DA:2,1
DA:3,1
DA:5,1
DA:7,1
DA:13,1
DA:27,17
DA:29,17
DA:30,17
DA:31,17
DA:32,17
DA:34,17
DA:36,17
DA:37,2
DA:40,17
DA:41,11
DA:42,11
DA:43,11
DA:46,6
DA:47,6
DA:48,6
DA:49,6
DA:51,6
LF:23
LH:23
BRDA:26,0,0,16
BRDA:31,1,0,4
BRDA:31,1,1,13
BRDA:31,2,0,17
BRDA:31,2,1,15
BRDA:31,2,2,14
BRDA:32,3,0,2
BRDA:32,3,1,15
BRDA:32,4,0,17
BRDA:32,4,1,17
BRDA:32,4,2,17
BRDA:34,5,0,4
BRDA:34,5,1,13
BRDA:34,6,0,17
BRDA:34,6,1,17
BRDA:34,6,2,14
BRDA:36,7,0,2
BRDA:36,7,1,15
BRDA:36,8,0,17
BRDA:36,8,1,17
BRDA:40,9,0,11
BRDA:40,9,1,6
BRDA:46,10,0,6
BRDA:46,10,1,4
BRDA:47,11,0,4
BRDA:47,11,1,2
BRF:26
BRH:26
end_of_record
TN:
SF:utils\dates.js
FN:1,formatShortDate
FNF:1
FNH:1
FNDA:27,formatShortDate
DA:2,27
DA:3,1
DA:4,1
LF:3
LH:3
BRDA:2,0,0,26
BRDA:2,0,1,1
BRDA:3,1,0,0
BRDA:3,1,1,1
BRF:4
BRH:3
end_of_record
